This file contains any messages produced by compilers while
running configure, to aid debugging if configure makes a mistake.

It was created by libosmscout-map-iOSX configure 0.1, which was
generated by GNU Autoconf 2.69.  Invocation command line was

  $ ./configure 

## --------- ##
## Platform. ##
## --------- ##

hostname = Betobens-Mac.local
uname -m = x86_64
uname -r = 15.0.0
uname -s = Darwin
uname -v = Darwin Kernel Version 15.0.0: Wed Aug 26 16:57:32 PDT 2015; root:xnu-3247.1.106~1/RELEASE_X86_64

/usr/bin/uname -p = i386
/bin/uname -X     = unknown

/bin/arch              = unknown
/usr/bin/arch -k       = unknown
/usr/convex/getsysinfo = unknown
/usr/bin/hostinfo      = Mach kernel version:
	 Darwin Kernel Version 15.0.0: Wed Aug 26 16:57:32 PDT 2015; root:xnu-3247.1.106~1/RELEASE_X86_64
Kernel configured for up to 2 processors.
2 processors are physically available.
2 processors are logically available.
Processor type: i486 (Intel 80486)
Processors active: 0 1
Primary memory available: 6.00 gigabytes
Default processor set: 302 tasks, 1075 threads, 2 processors
Load average: 3.51, Mach factor: 0.35
/bin/machine           = unknown
/usr/bin/oslevel       = unknown
/bin/universe          = unknown

PATH: /usr/local/bin
PATH: /usr/bin
PATH: /bin
PATH: /usr/sbin
PATH: /sbin


## ----------- ##
## Core tests. ##
## ----------- ##

configure:2294: checking for a BSD-compatible install
configure:2362: result: /usr/bin/install -c
configure:2373: checking whether build environment is sane
configure:2428: result: yes
configure:2579: checking for a thread-safe mkdir -p
configure:2618: result: ./install-sh -c -d
configure:2625: checking for gawk
configure:2655: result: no
configure:2625: checking for mawk
configure:2655: result: no
configure:2625: checking for nawk
configure:2655: result: no
configure:2625: checking for awk
configure:2641: found /usr/bin/awk
configure:2652: result: awk
configure:2663: checking whether make sets $(MAKE)
configure:2685: result: yes
configure:2714: checking whether make supports nested variables
configure:2731: result: yes
configure:2865: checking whether make supports nested variables
configure:2882: result: yes
configure:2948: checking for g++
configure:2964: found /usr/bin/g++
configure:2975: result: g++
configure:3000: checking for Objective C++ compiler version
configure:3009: g++ --version >&5
Apple LLVM version 7.3.0 (clang-703.0.29)
Target: x86_64-apple-darwin15.0.0
Thread model: posix
InstalledDir: /Applications/Xcode.app/Contents/Developer/Toolchains/XcodeDefault.xctoolchain/usr/bin
Configured with: --prefix=/Applications/Xcode.app/Contents/Developer/usr --with-gxx-include-dir=/usr/include/c++/4.2.1
configure:3020: $? = 0
configure:3009: g++ -v >&5
Configured with: --prefix=/Applications/Xcode.app/Contents/Developer/usr --with-gxx-include-dir=/usr/include/c++/4.2.1
Apple LLVM version 7.3.0 (clang-703.0.29)
Target: x86_64-apple-darwin15.0.0
Thread model: posix
InstalledDir: /Applications/Xcode.app/Contents/Developer/Toolchains/XcodeDefault.xctoolchain/usr/bin
configure:3020: $? = 0
configure:3009: g++ -V >&5
clang: error: argument to '-V' is missing (expected 1 value)
clang: error: no input files
configure:3020: $? = 1
configure:3009: g++ -qversion >&5
clang: error: unknown argument: '-qversion'
clang: error: no input files
configure:3020: $? = 1
configure:3040: checking whether the Objective C++ compiler works
configure:3062: g++    conftest.mm  >&5
configure:3066: $? = 0
configure:3114: result: yes
configure:3117: checking for Objective C++ compiler default output file name
configure:3119: result: a.out
configure:3125: checking for suffix of executables
configure:3132: g++ -o conftest    conftest.mm  >&5
configure:3136: $? = 0
configure:3158: result: 
configure:3180: checking whether we are cross compiling
configure:3188: g++ -o conftest    conftest.mm  >&5
configure:3192: $? = 0
configure:3199: ./conftest
configure:3203: $? = 0
configure:3218: result: no
configure:3223: checking for suffix of object files
configure:3245: g++ -c   conftest.mm >&5
configure:3249: $? = 0
configure:3270: result: o
configure:3274: checking whether we are using the GNU Objective C++ compiler
configure:3293: g++ -c   conftest.mm >&5
configure:3293: $? = 0
configure:3302: result: yes
configure:3311: checking whether g++ accepts -g
configure:3331: g++ -c -g  conftest.mm >&5
configure:3331: $? = 0
configure:3372: result: yes
configure:3406: checking for style of include used by make
configure:3434: result: GNU
configure:3460: checking dependency style of g++
configure:3569: result: gcc3
configure:3615: checking build system type
configure:3629: result: x86_64-apple-darwin15.0.0
configure:3649: checking host system type
configure:3662: result: x86_64-apple-darwin15.0.0
configure:3703: checking how to print strings
configure:3730: result: printf
configure:3799: checking for gcc
configure:3815: found /usr/bin/gcc
configure:3826: result: gcc
configure:4055: checking for C compiler version
configure:4064: gcc --version >&5
Apple LLVM version 7.3.0 (clang-703.0.29)
Target: x86_64-apple-darwin15.0.0
Thread model: posix
InstalledDir: /Applications/Xcode.app/Contents/Developer/Toolchains/XcodeDefault.xctoolchain/usr/bin
Configured with: --prefix=/Applications/Xcode.app/Contents/Developer/usr --with-gxx-include-dir=/usr/include/c++/4.2.1
configure:4075: $? = 0
configure:4064: gcc -v >&5
Configured with: --prefix=/Applications/Xcode.app/Contents/Developer/usr --with-gxx-include-dir=/usr/include/c++/4.2.1
Apple LLVM version 7.3.0 (clang-703.0.29)
Target: x86_64-apple-darwin15.0.0
Thread model: posix
InstalledDir: /Applications/Xcode.app/Contents/Developer/Toolchains/XcodeDefault.xctoolchain/usr/bin
configure:4075: $? = 0
configure:4064: gcc -V >&5
clang: error: argument to '-V' is missing (expected 1 value)
clang: error: no input files
configure:4075: $? = 1
configure:4064: gcc -qversion >&5
clang: error: unknown argument: '-qversion'
clang: error: no input files
configure:4075: $? = 1
configure:4079: checking whether we are using the GNU C compiler
configure:4098: gcc -c   conftest.c >&5
configure:4098: $? = 0
configure:4107: result: yes
configure:4116: checking whether gcc accepts -g
configure:4136: gcc -c -g  conftest.c >&5
configure:4136: $? = 0
configure:4177: result: yes
configure:4194: checking for gcc option to accept ISO C89
configure:4257: gcc  -c -g -O2  conftest.c >&5
configure:4257: $? = 0
configure:4270: result: none needed
configure:4295: checking whether gcc understands -c and -o together
configure:4317: gcc -c conftest.c -o conftest2.o
configure:4320: $? = 0
configure:4317: gcc -c conftest.c -o conftest2.o
configure:4320: $? = 0
configure:4332: result: yes
configure:4351: checking dependency style of gcc
configure:4462: result: gcc3
configure:4477: checking for a sed that does not truncate output
configure:4541: result: /usr/bin/sed
configure:4559: checking for grep that handles long lines and -e
configure:4617: result: /usr/bin/grep
configure:4622: checking for egrep
configure:4684: result: /usr/bin/grep -E
configure:4689: checking for fgrep
configure:4751: result: /usr/bin/grep -F
configure:4786: checking for ld used by gcc
configure:4853: result: /Applications/Xcode.app/Contents/Developer/Toolchains/XcodeDefault.xctoolchain/usr/bin/ld
configure:4860: checking if the linker (/Applications/Xcode.app/Contents/Developer/Toolchains/XcodeDefault.xctoolchain/usr/bin/ld) is GNU ld
configure:4875: result: no
configure:4887: checking for BSD- or MS-compatible name lister (nm)
configure:4941: result: /usr/bin/nm -B
configure:5071: checking the name lister (/usr/bin/nm -B) interface
configure:5078: gcc -c -g -O2  conftest.c >&5
configure:5081: /usr/bin/nm -B "conftest.o"
configure:5084: output
0000000000000204 S _some_variable
configure:5091: result: BSD nm
configure:5094: checking whether ln -s works
configure:5098: result: yes
configure:5106: checking the maximum length of command line arguments
configure:5237: result: 196608
configure:5285: checking how to convert x86_64-apple-darwin15.0.0 file names to x86_64-apple-darwin15.0.0 format
configure:5325: result: func_convert_file_noop
configure:5332: checking how to convert x86_64-apple-darwin15.0.0 file names to toolchain format
configure:5352: result: func_convert_file_noop
configure:5359: checking for /Applications/Xcode.app/Contents/Developer/Toolchains/XcodeDefault.xctoolchain/usr/bin/ld option to reload object files
configure:5366: result: -r
configure:5440: checking for objdump
configure:5470: result: no
configure:5496: checking how to recognize dependent libraries
configure:5696: result: pass_all
configure:5781: checking for dlltool
configure:5811: result: no
configure:5838: checking how to associate runtime and link libraries
configure:5865: result: printf %s\n
configure:5926: checking for ar
configure:5942: found /usr/bin/ar
configure:5953: result: ar
configure:5990: checking for archiver @FILE support
configure:6007: gcc -c -g -O2  conftest.c >&5
configure:6007: $? = 0
configure:6010: ar cru libconftest.a @conftest.lst >&5
ar: @conftest.lst: No such file or directory
configure:6013: $? = 1
configure:6033: result: no
configure:6091: checking for strip
configure:6107: found /usr/bin/strip
configure:6118: result: strip
configure:6190: checking for ranlib
configure:6206: found /usr/bin/ranlib
configure:6217: result: ranlib
configure:6319: checking command to parse /usr/bin/nm -B output from gcc object
configure:6472: gcc -c -g -O2  conftest.c >&5
configure:6475: $? = 0
configure:6479: /usr/bin/nm -B conftest.o \| sed -n -e 's/^.*[ ]\([BCDEGRST][BCDEGRST]*\)[ ][ ]*\([_A-Za-z][_A-Za-z0-9]*\)$/\1 \2 \2/p' | sed '/ __gnu_lto/d' \> conftest.nm
configure:6482: $? = 0
cannot find nm_test_var in conftest.nm
configure:6472: gcc -c -g -O2  conftest.c >&5
configure:6475: $? = 0
configure:6479: /usr/bin/nm -B conftest.o \| sed -n -e 's/^.*[ ]\([BCDEGRST][BCDEGRST]*\)[ ][ ]*_\([_A-Za-z][_A-Za-z0-9]*\)$/\1 _\2 \2/p' | sed '/ __gnu_lto/d' \> conftest.nm
configure:6482: $? = 0
configure:6548: gcc -o conftest -g -O2   conftest.c conftstm.o >&5
warning: (x86_64)  could not find object file symbol for symbol _main
configure:6551: $? = 0
configure:6589: result: ok
configure:6636: checking for sysroot
configure:6666: result: no
configure:6673: checking for a working dd
configure:6711: result: /bin/dd
configure:6715: checking how to truncate binary pipes
configure:6730: result: /bin/dd bs=4096 count=1
configure:7059: checking for mt
configure:7089: result: no
configure:7109: checking if : is a manifest tool
configure:7115: : '-?'
configure:7123: result: no
configure:7179: checking for dsymutil
configure:7195: found /usr/bin/dsymutil
configure:7206: result: dsymutil
configure:7271: checking for nmedit
configure:7287: found /usr/bin/nmedit
configure:7298: result: nmedit
configure:7363: checking for lipo
configure:7379: found /usr/bin/lipo
configure:7390: result: lipo
configure:7455: checking for otool
configure:7471: found /usr/bin/otool
configure:7482: result: otool
configure:7547: checking for otool64
configure:7577: result: no
configure:7622: checking for -single_module linker flag
gcc -g -O2  -o libconftest.dylib -dynamiclib -Wl,-single_module conftest.c
configure:7655: result: yes
configure:7658: checking for -exported_symbols_list linker flag
configure:7678: gcc -o conftest -g -O2   -Wl,-exported_symbols_list,conftest.sym conftest.c  >&5
configure:7678: $? = 0
configure:7688: result: yes
configure:7691: checking for -force_load linker flag
gcc -g -O2 -c -o conftest.o conftest.c
ar cru libconftest.a conftest.o
ranlib libconftest.a
gcc -g -O2  -o conftest conftest.c -Wl,-force_load,./libconftest.a
configure:7723: result: yes
configure:7800: checking how to run the C preprocessor
configure:7831: gcc -E  conftest.c
configure:7831: $? = 0
configure:7845: gcc -E  conftest.c
conftest.c:9:10: fatal error: 'ac_nonexistent.h' file not found
#include <ac_nonexistent.h>
         ^
1 error generated.
configure:7845: $? = 1
configure: failed program was:
| /* confdefs.h */
| #define PACKAGE_NAME "libosmscout-map-iOSX"
| #define PACKAGE_TARNAME "libosmscout-map-iOSX"
| #define PACKAGE_VERSION "0.1"
| #define PACKAGE_STRING "libosmscout-map-iOSX 0.1"
| #define PACKAGE_BUGREPORT "tim@teulings.org"
| #define PACKAGE_URL ""
| /* end confdefs.h.  */
| #include <ac_nonexistent.h>
configure:7870: result: gcc -E
configure:7890: gcc -E  conftest.c
configure:7890: $? = 0
configure:7904: gcc -E  conftest.c
conftest.c:9:10: fatal error: 'ac_nonexistent.h' file not found
#include <ac_nonexistent.h>
         ^
1 error generated.
configure:7904: $? = 1
configure: failed program was:
| /* confdefs.h */
| #define PACKAGE_NAME "libosmscout-map-iOSX"
| #define PACKAGE_TARNAME "libosmscout-map-iOSX"
| #define PACKAGE_VERSION "0.1"
| #define PACKAGE_STRING "libosmscout-map-iOSX 0.1"
| #define PACKAGE_BUGREPORT "tim@teulings.org"
| #define PACKAGE_URL ""
| /* end confdefs.h.  */
| #include <ac_nonexistent.h>
configure:7933: checking for ANSI C header files
configure:7953: gcc -c -g -O2  conftest.c >&5
configure:7953: $? = 0
configure:8026: gcc -o conftest -g -O2   conftest.c  >&5
configure:8026: $? = 0
configure:8026: ./conftest
configure:8026: $? = 0
configure:8037: result: yes
configure:8050: checking for sys/types.h
configure:8050: gcc -c -g -O2  conftest.c >&5
configure:8050: $? = 0
configure:8050: result: yes
configure:8050: checking for sys/stat.h
configure:8050: gcc -c -g -O2  conftest.c >&5
configure:8050: $? = 0
configure:8050: result: yes
configure:8050: checking for stdlib.h
configure:8050: gcc -c -g -O2  conftest.c >&5
configure:8050: $? = 0
configure:8050: result: yes
configure:8050: checking for string.h
configure:8050: gcc -c -g -O2  conftest.c >&5
configure:8050: $? = 0
configure:8050: result: yes
configure:8050: checking for memory.h
configure:8050: gcc -c -g -O2  conftest.c >&5
configure:8050: $? = 0
configure:8050: result: yes
configure:8050: checking for strings.h
configure:8050: gcc -c -g -O2  conftest.c >&5
configure:8050: $? = 0
configure:8050: result: yes
configure:8050: checking for inttypes.h
configure:8050: gcc -c -g -O2  conftest.c >&5
configure:8050: $? = 0
configure:8050: result: yes
configure:8050: checking for stdint.h
configure:8050: gcc -c -g -O2  conftest.c >&5
configure:8050: $? = 0
configure:8050: result: yes
configure:8050: checking for unistd.h
configure:8050: gcc -c -g -O2  conftest.c >&5
configure:8050: $? = 0
configure:8050: result: yes
configure:8064: checking for dlfcn.h
configure:8064: gcc -c -g -O2  conftest.c >&5
configure:8064: $? = 0
configure:8064: result: yes
configure:8617: checking for objdir
configure:8632: result: .libs
configure:8896: checking if gcc supports -fno-rtti -fno-exceptions
configure:8914: gcc -c -g -O2  -fno-rtti -fno-exceptions conftest.c >&5
configure:8918: $? = 0
configure:8931: result: yes
configure:9289: checking for gcc option to produce PIC
configure:9296: result: -fno-common -DPIC
configure:9304: checking if gcc PIC flag -fno-common -DPIC works
configure:9322: gcc -c -g -O2  -fno-common -DPIC -DPIC conftest.c >&5
configure:9326: $? = 0
configure:9339: result: yes
configure:9368: checking if gcc static flag -static works
configure:9396: result: no
configure:9411: checking if gcc supports -c -o file.o
configure:9432: gcc -c -g -O2  -o out/conftest2.o conftest.c >&5
configure:9436: $? = 0
configure:9458: result: yes
configure:9466: checking if gcc supports -c -o file.o
configure:9513: result: yes
configure:9546: checking whether the gcc linker (/Applications/Xcode.app/Contents/Developer/Toolchains/XcodeDefault.xctoolchain/usr/bin/ld) supports shared libraries
configure:10805: result: yes
configure:11045: checking dynamic linker characteristics
configure:11863: result: darwin15.0.0 dyld
configure:11985: checking how to hardcode library paths into programs
configure:12010: result: immediate
configure:12558: checking whether stripping libraries is possible
configure:12572: result: yes
configure:12598: checking if libtool supports shared libraries
configure:12600: result: yes
configure:12603: checking whether to build shared libraries
configure:12628: result: yes
configure:12631: checking whether to build static libraries
configure:12635: result: no
configure:12677: checking whether the -Werror option is usable
configure:12696: gcc -c -g -O2 -Werror  conftest.c >&5
configure:12696: $? = 0
configure:12705: result: yes
configure:12707: checking for simple visibility declarations
configure:12734: gcc -c -g -O2 -fvisibility=hidden -Werror  conftest.c >&5
configure:12734: $? = 0
configure:12743: result: yes
configure:12772: checking for library containing sqrt
configure:12803: g++ -o conftest -g -O2   conftest.mm  >&5
configure:12803: $? = 0
configure:12820: result: none required
configure:12882: checking for pkg-config
configure:12900: found /usr/local/bin/pkg-config
configure:12912: result: /usr/local/bin/pkg-config
configure:12937: checking pkg-config is at least version 0.9.0
configure:12940: result: yes
configure:12950: checking for LIBOSMSCOUT
configure:12957: $PKG_CONFIG --exists --print-errors "libosmscout"
configure:12960: $? = 0
configure:12973: $PKG_CONFIG --exists --print-errors "libosmscout"
configure:12976: $? = 0
configure:13033: result: yes
configure:13041: checking for LIBOSMSCOUTMAP
configure:13048: $PKG_CONFIG --exists --print-errors "libosmscout-map"
configure:13051: $? = 0
configure:13064: $PKG_CONFIG --exists --print-errors "libosmscout-map"
configure:13067: $? = 0
configure:13124: result: yes
configure:13130: checking Checking for OS X/iOS
configure:13134: result: yes
configure:13149: checking our pkgconfig libname
configure:13157: result: libosmscout-map-iOSX
configure:13160: checking our pkgconfig version
configure:13168: result: 0.1
configure:13171: checking our pkgconfig_libdir
configure:13178: result: ${libdir}/pkgconfig
configure:13181: result: expanded our pkgconfig_libdir... /usr/local/lib/pkgconfig
configure:13185: checking our pkgconfig_libfile
configure:13191: result: libosmscout-map-iOSX.pc
configure:13198: checking our package / suffix
configure:13202: result: libosmscout-map-iOSX / 
configure:13205: checking our pkgconfig description
configure:13212: result: libosmscout map rendering iOS/Mac OS X backend library
configure:13215: checking our pkgconfig requires
configure:13220: result: libosmscout libosmscout-map
configure:13223: checking our pkgconfig ext libs
configure:13230: result: -losmscoutmapiOSX -L/Users/mac/Desktop/libosmscout/libosmscout/src/.libs -L/usr/local/Cellar/libmarisa/0.2.4_1/lib -L/Users/mac/Desktop/libosmscout/libosmscout-map/src/.libs -losmscoutmap -losmscout -D_THREAD_SAFE -pthread -lmarisa
configure:13233: checking our pkgconfig cppflags
configure:13238: result: 
configure:13241: checking our pkgconfig ldflags
configure:13246: result: 
configure:13286: result: noninstalled pkgconfig -L /Users/mac/Desktop/libosmscout/libosmscout-map-iOSX/src/.libs
configure:13321: result: noninstalled pkgconfig -I /Users/mac/Desktop/libosmscout/libosmscout-map-iOSX/./include
configure:13440: checking that generated files are newer than configure
configure:13446: result: done
configure:13473: creating ./config.status

## ---------------------- ##
## Running config.status. ##
## ---------------------- ##

This file was extended by libosmscout-map-iOSX config.status 0.1, which was
generated by GNU Autoconf 2.69.  Invocation command line was

  CONFIG_FILES    = 
  CONFIG_HEADERS  = 
  CONFIG_LINKS    = 
  CONFIG_COMMANDS = 
  $ ./config.status 

on Betobens-Mac.local

config.status:1128: creating Makefile
config.status:1128: creating src/Makefile
config.status:1128: creating include/Makefile
config.status:1128: creating include/osmscout/private/Config.h
config.status:1357: executing depfiles commands
config.status:1357: executing libtool commands
config.status:1357: executing libosmscout-map-iOSX.pc commands
config.status:2012: creating libosmscout-map-iOSX.pc.in
config.status:2035: creating libosmscout-map-iOSX.pc
config.status:2061: creating libosmscout-map-iOSX-uninstalled.pc
config.status:2091: creating libosmscout-map-iOSX-uninstalled.sh

## ---------------- ##
## Cache variables. ##
## ---------------- ##

ac_cv_build=x86_64-apple-darwin15.0.0
ac_cv_c_compiler_gnu=yes
ac_cv_env_CC_set=
ac_cv_env_CC_value=
ac_cv_env_CFLAGS_set=
ac_cv_env_CFLAGS_value=
ac_cv_env_CPPFLAGS_set=
ac_cv_env_CPPFLAGS_value=
ac_cv_env_CPP_set=
ac_cv_env_CPP_value=
ac_cv_env_LDFLAGS_set=
ac_cv_env_LDFLAGS_value=
ac_cv_env_LIBOSMSCOUTMAP_CFLAGS_set=
ac_cv_env_LIBOSMSCOUTMAP_CFLAGS_value=
ac_cv_env_LIBOSMSCOUTMAP_LIBS_set=
ac_cv_env_LIBOSMSCOUTMAP_LIBS_value=
ac_cv_env_LIBOSMSCOUT_CFLAGS_set=
ac_cv_env_LIBOSMSCOUT_CFLAGS_value=
ac_cv_env_LIBOSMSCOUT_LIBS_set=
ac_cv_env_LIBOSMSCOUT_LIBS_value=
ac_cv_env_LIBS_set=
ac_cv_env_LIBS_value=
ac_cv_env_LT_SYS_LIBRARY_PATH_set=
ac_cv_env_LT_SYS_LIBRARY_PATH_value=
ac_cv_env_OBJCXXFLAGS_set=
ac_cv_env_OBJCXXFLAGS_value=
ac_cv_env_OBJCXX_set=
ac_cv_env_OBJCXX_value=
ac_cv_env_PKG_CONFIG_LIBDIR_set=
ac_cv_env_PKG_CONFIG_LIBDIR_value=
ac_cv_env_PKG_CONFIG_PATH_set=set
ac_cv_env_PKG_CONFIG_PATH_value=:/Users/mac/libosmscout-code/libosmscout:/Users/mac/libosmscout-code/libosmscout-import:/Users/mac/Desktop/libosmscout:/Users/mac/Desktop/libosmscout/libosmscout:/Users/mac/Desktop/libosmscout/libosmscout-map
ac_cv_env_PKG_CONFIG_set=
ac_cv_env_PKG_CONFIG_value=
ac_cv_env_build_alias_set=
ac_cv_env_build_alias_value=
ac_cv_env_host_alias_set=
ac_cv_env_host_alias_value=
ac_cv_env_target_alias_set=
ac_cv_env_target_alias_value=
ac_cv_header_dlfcn_h=yes
ac_cv_header_inttypes_h=yes
ac_cv_header_memory_h=yes
ac_cv_header_stdc=yes
ac_cv_header_stdint_h=yes
ac_cv_header_stdlib_h=yes
ac_cv_header_string_h=yes
ac_cv_header_strings_h=yes
ac_cv_header_sys_stat_h=yes
ac_cv_header_sys_types_h=yes
ac_cv_header_unistd_h=yes
ac_cv_host=x86_64-apple-darwin15.0.0
ac_cv_objcxx_compiler_gnu=yes
ac_cv_objext=o
ac_cv_path_EGREP='/usr/bin/grep -E'
ac_cv_path_FGREP='/usr/bin/grep -F'
ac_cv_path_GREP=/usr/bin/grep
ac_cv_path_SED=/usr/bin/sed
ac_cv_path_ac_pt_PKG_CONFIG=/usr/local/bin/pkg-config
ac_cv_path_install='/usr/bin/install -c'
ac_cv_path_lt_DD=/bin/dd
ac_cv_prog_AWK=awk
ac_cv_prog_CPP='gcc -E'
ac_cv_prog_ac_ct_AR=ar
ac_cv_prog_ac_ct_CC=gcc
ac_cv_prog_ac_ct_DSYMUTIL=dsymutil
ac_cv_prog_ac_ct_LIPO=lipo
ac_cv_prog_ac_ct_NMEDIT=nmedit
ac_cv_prog_ac_ct_OBJCXX=g++
ac_cv_prog_ac_ct_OTOOL=otool
ac_cv_prog_ac_ct_RANLIB=ranlib
ac_cv_prog_ac_ct_STRIP=strip
ac_cv_prog_cc_c89=
ac_cv_prog_cc_g=yes
ac_cv_prog_make_make_set=yes
ac_cv_prog_objcxx_g=yes
ac_cv_search_sqrt='none required'
am_cv_CC_dependencies_compiler_type=gcc3
am_cv_OBJCXX_dependencies_compiler_type=gcc3
am_cv_make_support_nested_variables=yes
am_cv_prog_cc_c_o=yes
gl_cv_cc_vis_werror=yes
gl_cv_cc_visibility=yes
lt_cv_apple_cc_single_mod=yes
lt_cv_ar_at_file=no
lt_cv_deplibs_check_method=pass_all
lt_cv_file_magic_cmd='$MAGIC_CMD'
lt_cv_file_magic_test_file=
lt_cv_ld_exported_symbols_list=yes
lt_cv_ld_force_load=yes
lt_cv_ld_reload_flag=-r
lt_cv_nm_interface='BSD nm'
lt_cv_objdir=.libs
lt_cv_path_LD=/Applications/Xcode.app/Contents/Developer/Toolchains/XcodeDefault.xctoolchain/usr/bin/ld
lt_cv_path_NM='/usr/bin/nm -B'
lt_cv_path_mainfest_tool=no
lt_cv_prog_compiler_c_o=yes
lt_cv_prog_compiler_pic='-fno-common -DPIC'
lt_cv_prog_compiler_pic_works=yes
lt_cv_prog_compiler_rtti_exceptions=yes
lt_cv_prog_compiler_static_works=no
lt_cv_prog_gnu_ld=no
lt_cv_sharedlib_from_linklib_cmd='printf %s\n'
lt_cv_sys_global_symbol_pipe='sed -n -e '\''s/^.*[	 ]\([BCDEGRST][BCDEGRST]*\)[	 ][	 ]*_\([_A-Za-z][_A-Za-z0-9]*\)$/\1 _\2 \2/p'\'' | sed '\''/ __gnu_lto/d'\'''
lt_cv_sys_global_symbol_to_c_name_address='sed -n -e '\''s/^: \(.*\) .*$/  {"\1", (void *) 0},/p'\'' -e '\''s/^[BCDEGRST][BCDEGRST]* .* \(.*\)$/  {"\1", (void *) \&\1},/p'\'''
lt_cv_sys_global_symbol_to_c_name_address_lib_prefix='sed -n -e '\''s/^: \(.*\) .*$/  {"\1", (void *) 0},/p'\'' -e '\''s/^[BCDEGRST][BCDEGRST]* .* \(lib.*\)$/  {"\1", (void *) \&\1},/p'\'' -e '\''s/^[BCDEGRST][BCDEGRST]* .* \(.*\)$/  {"lib\1", (void *) \&\1},/p'\'''
lt_cv_sys_global_symbol_to_cdecl='sed -n -e '\''s/^T .* \(.*\)$/extern int \1();/p'\'' -e '\''s/^[BCDEGRST][BCDEGRST]* .* \(.*\)$/extern char \1;/p'\'''
lt_cv_sys_global_symbol_to_import=
lt_cv_sys_max_cmd_len=196608
lt_cv_to_host_file_cmd=func_convert_file_noop
lt_cv_to_tool_file_cmd=func_convert_file_noop
lt_cv_truncate_bin='/bin/dd bs=4096 count=1'
pkg_cv_LIBOSMSCOUTMAP_CFLAGS='-D_THREAD_SAFE -pthread -mmmx -msse -msse2 -msse3 -mssse3 -msse4.1 -msse4.2 -mavx -I/Users/mac/Desktop/libosmscout/libosmscout/./include -I/usr/local/Cellar/libmarisa/0.2.4_1/include -I/Users/mac/Desktop/libosmscout/libosmscout-map/./include'
pkg_cv_LIBOSMSCOUTMAP_LIBS='-L/Users/mac/Desktop/libosmscout/libosmscout/src/.libs -L/usr/local/Cellar/libmarisa/0.2.4_1/lib -L/Users/mac/Desktop/libosmscout/libosmscout-map/src/.libs -losmscoutmap -losmscout -D_THREAD_SAFE -pthread -lmarisa'
pkg_cv_LIBOSMSCOUT_CFLAGS='-D_THREAD_SAFE -pthread -mmmx -msse -msse2 -msse3 -mssse3 -msse4.1 -msse4.2 -mavx -I/Users/mac/Desktop/libosmscout/libosmscout/./include -I/usr/local/Cellar/libmarisa/0.2.4_1/include'
pkg_cv_LIBOSMSCOUT_LIBS='-L/Users/mac/Desktop/libosmscout/libosmscout/src/.libs -L/usr/local/Cellar/libmarisa/0.2.4_1/lib -losmscout -D_THREAD_SAFE -pthread -lmarisa'

## ----------------- ##
## Output variables. ##
## ----------------- ##

ACLOCAL='${SHELL} /Users/mac/Desktop/libosmscout/libosmscout-map-iOSX/missing aclocal-1.15'
AMDEPBACKSLASH='\'
AMDEP_FALSE='#'
AMDEP_TRUE=''
AMTAR='$${TAR-tar}'
AM_BACKSLASH='\'
AM_DEFAULT_V='$(AM_DEFAULT_VERBOSITY)'
AM_DEFAULT_VERBOSITY='0'
AM_V='$(V)'
AR='ar'
AS='as'
AUTOCONF='${SHELL} /Users/mac/Desktop/libosmscout/libosmscout-map-iOSX/missing autoconf'
AUTOHEADER='${SHELL} /Users/mac/Desktop/libosmscout/libosmscout-map-iOSX/missing autoheader'
AUTOMAKE='${SHELL} /Users/mac/Desktop/libosmscout/libosmscout-map-iOSX/missing automake-1.15'
AWK='awk'
CC='gcc'
CCDEPMODE='depmode=gcc3'
CFLAGS='-g -O2'
CFLAG_VISIBILITY='-fvisibility=hidden'
CPP='gcc -E'
CPPFLAGS='-DLIB_DATADIR=\"${datarootdir}/libosmscout-map-iOSX\" '
CYGPATH_W='echo'
DEFS='-DHAVE_CONFIG_H'
DEPDIR='.deps'
DLLTOOL='false'
DSYMUTIL='dsymutil'
DUMPBIN=''
ECHO_C='\c'
ECHO_N=''
ECHO_T=''
EGREP='/usr/bin/grep -E'
EXEEXT=''
FGREP='/usr/bin/grep -F'
GREP='/usr/bin/grep'
HAVE_VISIBILITY='1'
INSTALL_DATA='${INSTALL} -m 644'
INSTALL_PROGRAM='${INSTALL}'
INSTALL_SCRIPT='${INSTALL}'
INSTALL_STRIP_PROGRAM='$(install_sh) -c -s'
LD='/Applications/Xcode.app/Contents/Developer/Toolchains/XcodeDefault.xctoolchain/usr/bin/ld'
LDFLAGS=''
LIBOBJS=''
LIBOSMSCOUTMAP_CFLAGS='-D_THREAD_SAFE -pthread -mmmx -msse -msse2 -msse3 -mssse3 -msse4.1 -msse4.2 -mavx -I/Users/mac/Desktop/libosmscout/libosmscout/./include -I/usr/local/Cellar/libmarisa/0.2.4_1/include -I/Users/mac/Desktop/libosmscout/libosmscout-map/./include'
LIBOSMSCOUTMAP_LIBS='-L/Users/mac/Desktop/libosmscout/libosmscout/src/.libs -L/usr/local/Cellar/libmarisa/0.2.4_1/lib -L/Users/mac/Desktop/libosmscout/libosmscout-map/src/.libs -losmscoutmap -losmscout -D_THREAD_SAFE -pthread -lmarisa'
LIBOSMSCOUT_CFLAGS='-D_THREAD_SAFE -pthread -mmmx -msse -msse2 -msse3 -mssse3 -msse4.1 -msse4.2 -mavx -I/Users/mac/Desktop/libosmscout/libosmscout/./include -I/usr/local/Cellar/libmarisa/0.2.4_1/include'
LIBOSMSCOUT_LIBS='-L/Users/mac/Desktop/libosmscout/libosmscout/src/.libs -L/usr/local/Cellar/libmarisa/0.2.4_1/lib -losmscout -D_THREAD_SAFE -pthread -lmarisa'
LIBS=''
LIBTOOL='$(SHELL) $(top_builddir)/libtool'
LIPO='lipo'
LN_S='ln -s'
LTLIBOBJS=''
LT_SYS_LIBRARY_PATH=''
MAKEINFO='${SHELL} /Users/mac/Desktop/libosmscout/libosmscout-map-iOSX/missing makeinfo'
MANIFEST_TOOL=':'
MKDIR_P='./install-sh -c -d'
NM='/usr/bin/nm -B'
NMEDIT='nmedit'
OBJCXX='g++'
OBJCXXDEPMODE='depmode=gcc3'
OBJCXXFLAGS='-g -O2'
OBJDUMP='false'
OBJEXT='o'
OTOOL64=':'
OTOOL='otool'
PACKAGE='libosmscout-map-iOSX'
PACKAGE_BUGREPORT='tim@teulings.org'
PACKAGE_NAME='libosmscout-map-iOSX'
PACKAGE_STRING='libosmscout-map-iOSX 0.1'
PACKAGE_TARNAME='libosmscout-map-iOSX'
PACKAGE_URL=''
PACKAGE_VERSION='0.1'
PATH_SEPARATOR=':'
PKG_CONFIG='/usr/local/bin/pkg-config'
PKG_CONFIG_LIBDIR=''
PKG_CONFIG_PATH=':/Users/mac/libosmscout-code/libosmscout:/Users/mac/libosmscout-code/libosmscout-import:/Users/mac/Desktop/libosmscout:/Users/mac/Desktop/libosmscout/libosmscout:/Users/mac/Desktop/libosmscout/libosmscout-map'
RANLIB='ranlib'
SED='/usr/bin/sed'
SET_MAKE=''
SHELL='/bin/sh'
STRIP='strip'
VERSION='0.1'
ac_ct_AR='ar'
ac_ct_CC='gcc'
ac_ct_DUMPBIN=''
ac_ct_OBJCXX='g++'
am__EXEEXT_FALSE=''
am__EXEEXT_TRUE='#'
am__fastdepCC_FALSE='#'
am__fastdepCC_TRUE=''
am__fastdepOBJCXX_FALSE='#'
am__fastdepOBJCXX_TRUE=''
am__include='include'
am__isrc=''
am__leading_dot='.'
am__nodep='_no'
am__quote=''
am__tar='$${TAR-tar} chof - "$$tardir"'
am__untar='$${TAR-tar} xf -'
bindir='${exec_prefix}/bin'
build='x86_64-apple-darwin15.0.0'
build_alias=''
build_cpu='x86_64'
build_os='darwin15.0.0'
build_vendor='apple'
datadir='${datarootdir}'
datarootdir='${prefix}/share'
docdir='${datarootdir}/doc/${PACKAGE_TARNAME}'
dvidir='${docdir}'
exec_prefix='${prefix}'
host='x86_64-apple-darwin15.0.0'
host_alias=''
host_cpu='x86_64'
host_os='darwin15.0.0'
host_vendor='apple'
htmldir='${docdir}'
includedir='${prefix}/include'
infodir='${datarootdir}/info'
install_sh='${SHELL} /Users/mac/Desktop/libosmscout/libosmscout-map-iOSX/install-sh'
libdir='${exec_prefix}/lib'
libexecdir='${exec_prefix}/libexec'
localedir='${datarootdir}/locale'
localstatedir='${prefix}/var'
mandir='${datarootdir}/man'
mkdir_p='$(MKDIR_P)'
oldincludedir='/usr/include'
pdfdir='${docdir}'
pkgconfig_libdir='${libdir}/pkgconfig'
pkgconfig_libfile='libosmscout-map-iOSX.pc'
prefix='/usr/local'
program_transform_name='s,x,x,'
psdir='${docdir}'
sbindir='${exec_prefix}/sbin'
sharedstatedir='${prefix}/com'
sysconfdir='${prefix}/etc'
target_alias=''

## ----------- ##
## confdefs.h. ##
## ----------- ##

/* confdefs.h */
#define PACKAGE_NAME "libosmscout-map-iOSX"
#define PACKAGE_TARNAME "libosmscout-map-iOSX"
#define PACKAGE_VERSION "0.1"
#define PACKAGE_STRING "libosmscout-map-iOSX 0.1"
#define PACKAGE_BUGREPORT "tim@teulings.org"
#define PACKAGE_URL ""
#define STDC_HEADERS 1
#define HAVE_SYS_TYPES_H 1
#define HAVE_SYS_STAT_H 1
#define HAVE_STDLIB_H 1
#define HAVE_STRING_H 1
#define HAVE_MEMORY_H 1
#define HAVE_STRINGS_H 1
#define HAVE_INTTYPES_H 1
#define HAVE_STDINT_H 1
#define HAVE_UNISTD_H 1
#define HAVE_DLFCN_H 1
#define LT_OBJDIR ".libs/"
#define HAVE_VISIBILITY 1
#define OSMSCOUT_MAP_CAIRO_EXPORT_SYMBOLS 1

configure: exit 0
