This file contains any messages produced by compilers while
running configure, to aid debugging if configure makes a mistake.

It was created by libosmscout-import configure 0.1, which was
generated by GNU Autoconf 2.69.  Invocation command line was

  $ ./configure 

## --------- ##
## Platform. ##
## --------- ##

hostname = Betobens-Mac.local
uname -m = x86_64
uname -r = 15.0.0
uname -s = Darwin
uname -v = Darwin Kernel Version 15.0.0: Wed Aug 26 16:57:32 PDT 2015; root:xnu-3247.1.106~1/RELEASE_X86_64

/usr/bin/uname -p = i386
/bin/uname -X     = unknown

/bin/arch              = unknown
/usr/bin/arch -k       = unknown
/usr/convex/getsysinfo = unknown
/usr/bin/hostinfo      = Mach kernel version:
	 Darwin Kernel Version 15.0.0: Wed Aug 26 16:57:32 PDT 2015; root:xnu-3247.1.106~1/RELEASE_X86_64
Kernel configured for up to 2 processors.
2 processors are physically available.
2 processors are logically available.
Processor type: i486 (Intel 80486)
Processors active: 0 1
Primary memory available: 6.00 gigabytes
Default processor set: 303 tasks, 1079 threads, 2 processors
Load average: 3.59, Mach factor: 0.19
/bin/machine           = unknown
/usr/bin/oslevel       = unknown
/bin/universe          = unknown

PATH: /usr/local/bin
PATH: /usr/bin
PATH: /bin
PATH: /usr/sbin
PATH: /sbin


## ----------- ##
## Core tests. ##
## ----------- ##

configure:2662: checking for a BSD-compatible install
configure:2730: result: /usr/bin/install -c
configure:2741: checking whether build environment is sane
configure:2796: result: yes
configure:2947: checking for a thread-safe mkdir -p
configure:2986: result: ./install-sh -c -d
configure:2993: checking for gawk
configure:3023: result: no
configure:2993: checking for mawk
configure:3023: result: no
configure:2993: checking for nawk
configure:3023: result: no
configure:2993: checking for awk
configure:3009: found /usr/bin/awk
configure:3020: result: awk
configure:3031: checking whether make sets $(MAKE)
configure:3053: result: yes
configure:3082: checking whether make supports nested variables
configure:3099: result: yes
configure:3233: checking whether make supports nested variables
configure:3250: result: yes
configure:3320: checking for g++
configure:3336: found /usr/bin/g++
configure:3347: result: g++
configure:3374: checking for C++ compiler version
configure:3383: g++ --version >&5
Apple LLVM version 7.3.0 (clang-703.0.29)
Target: x86_64-apple-darwin15.0.0
Thread model: posix
InstalledDir: /Applications/Xcode.app/Contents/Developer/Toolchains/XcodeDefault.xctoolchain/usr/bin
Configured with: --prefix=/Applications/Xcode.app/Contents/Developer/usr --with-gxx-include-dir=/usr/include/c++/4.2.1
configure:3394: $? = 0
configure:3383: g++ -v >&5
Configured with: --prefix=/Applications/Xcode.app/Contents/Developer/usr --with-gxx-include-dir=/usr/include/c++/4.2.1
Apple LLVM version 7.3.0 (clang-703.0.29)
Target: x86_64-apple-darwin15.0.0
Thread model: posix
InstalledDir: /Applications/Xcode.app/Contents/Developer/Toolchains/XcodeDefault.xctoolchain/usr/bin
configure:3394: $? = 0
configure:3383: g++ -V >&5
clang: error: argument to '-V' is missing (expected 1 value)
clang: error: no input files
configure:3394: $? = 1
configure:3383: g++ -qversion >&5
clang: error: unknown argument: '-qversion'
clang: error: no input files
configure:3394: $? = 1
configure:3414: checking whether the C++ compiler works
configure:3436: g++    conftest.cpp  >&5
configure:3440: $? = 0
configure:3488: result: yes
configure:3491: checking for C++ compiler default output file name
configure:3493: result: a.out
configure:3499: checking for suffix of executables
configure:3506: g++ -o conftest    conftest.cpp  >&5
configure:3510: $? = 0
configure:3532: result: 
configure:3554: checking whether we are cross compiling
configure:3562: g++ -o conftest    conftest.cpp  >&5
configure:3566: $? = 0
configure:3573: ./conftest
configure:3577: $? = 0
configure:3592: result: no
configure:3597: checking for suffix of object files
configure:3619: g++ -c   conftest.cpp >&5
configure:3623: $? = 0
configure:3644: result: o
configure:3648: checking whether we are using the GNU C++ compiler
configure:3667: g++ -c   conftest.cpp >&5
configure:3667: $? = 0
configure:3676: result: yes
configure:3685: checking whether g++ accepts -g
configure:3705: g++ -c -g  conftest.cpp >&5
configure:3705: $? = 0
configure:3746: result: yes
configure:3780: checking for style of include used by make
configure:3808: result: GNU
configure:3834: checking dependency style of g++
configure:3945: result: gcc3
configure:3991: checking build system type
configure:4005: result: x86_64-apple-darwin15.0.0
configure:4025: checking host system type
configure:4038: result: x86_64-apple-darwin15.0.0
configure:4079: checking how to print strings
configure:4106: result: printf
configure:4175: checking for gcc
configure:4191: found /usr/bin/gcc
configure:4202: result: gcc
configure:4431: checking for C compiler version
configure:4440: gcc --version >&5
Apple LLVM version 7.3.0 (clang-703.0.29)
Target: x86_64-apple-darwin15.0.0
Thread model: posix
InstalledDir: /Applications/Xcode.app/Contents/Developer/Toolchains/XcodeDefault.xctoolchain/usr/bin
Configured with: --prefix=/Applications/Xcode.app/Contents/Developer/usr --with-gxx-include-dir=/usr/include/c++/4.2.1
configure:4451: $? = 0
configure:4440: gcc -v >&5
Configured with: --prefix=/Applications/Xcode.app/Contents/Developer/usr --with-gxx-include-dir=/usr/include/c++/4.2.1
Apple LLVM version 7.3.0 (clang-703.0.29)
Target: x86_64-apple-darwin15.0.0
Thread model: posix
InstalledDir: /Applications/Xcode.app/Contents/Developer/Toolchains/XcodeDefault.xctoolchain/usr/bin
configure:4451: $? = 0
configure:4440: gcc -V >&5
clang: error: argument to '-V' is missing (expected 1 value)
clang: error: no input files
configure:4451: $? = 1
configure:4440: gcc -qversion >&5
clang: error: unknown argument: '-qversion'
clang: error: no input files
configure:4451: $? = 1
configure:4455: checking whether we are using the GNU C compiler
configure:4474: gcc -c   conftest.c >&5
configure:4474: $? = 0
configure:4483: result: yes
configure:4492: checking whether gcc accepts -g
configure:4512: gcc -c -g  conftest.c >&5
configure:4512: $? = 0
configure:4553: result: yes
configure:4570: checking for gcc option to accept ISO C89
configure:4633: gcc  -c -g -O2  conftest.c >&5
configure:4633: $? = 0
configure:4646: result: none needed
configure:4671: checking whether gcc understands -c and -o together
configure:4693: gcc -c conftest.c -o conftest2.o
configure:4696: $? = 0
configure:4693: gcc -c conftest.c -o conftest2.o
configure:4696: $? = 0
configure:4708: result: yes
configure:4727: checking dependency style of gcc
configure:4838: result: gcc3
configure:4853: checking for a sed that does not truncate output
configure:4917: result: /usr/bin/sed
configure:4935: checking for grep that handles long lines and -e
configure:4993: result: /usr/bin/grep
configure:4998: checking for egrep
configure:5060: result: /usr/bin/grep -E
configure:5065: checking for fgrep
configure:5127: result: /usr/bin/grep -F
configure:5162: checking for ld used by gcc
configure:5229: result: /Applications/Xcode.app/Contents/Developer/Toolchains/XcodeDefault.xctoolchain/usr/bin/ld
configure:5236: checking if the linker (/Applications/Xcode.app/Contents/Developer/Toolchains/XcodeDefault.xctoolchain/usr/bin/ld) is GNU ld
configure:5251: result: no
configure:5263: checking for BSD- or MS-compatible name lister (nm)
configure:5317: result: /usr/bin/nm -B
configure:5447: checking the name lister (/usr/bin/nm -B) interface
configure:5454: gcc -c -g -O2  conftest.c >&5
configure:5457: /usr/bin/nm -B "conftest.o"
configure:5460: output
0000000000000200 S _some_variable
configure:5467: result: BSD nm
configure:5470: checking whether ln -s works
configure:5474: result: yes
configure:5482: checking the maximum length of command line arguments
configure:5613: result: 196608
configure:5661: checking how to convert x86_64-apple-darwin15.0.0 file names to x86_64-apple-darwin15.0.0 format
configure:5701: result: func_convert_file_noop
configure:5708: checking how to convert x86_64-apple-darwin15.0.0 file names to toolchain format
configure:5728: result: func_convert_file_noop
configure:5735: checking for /Applications/Xcode.app/Contents/Developer/Toolchains/XcodeDefault.xctoolchain/usr/bin/ld option to reload object files
configure:5742: result: -r
configure:5816: checking for objdump
configure:5846: result: no
configure:5872: checking how to recognize dependent libraries
configure:6072: result: pass_all
configure:6157: checking for dlltool
configure:6187: result: no
configure:6214: checking how to associate runtime and link libraries
configure:6241: result: printf %s\n
configure:6302: checking for ar
configure:6318: found /usr/bin/ar
configure:6329: result: ar
configure:6366: checking for archiver @FILE support
configure:6383: gcc -c -g -O2  conftest.c >&5
configure:6383: $? = 0
configure:6386: ar cru libconftest.a @conftest.lst >&5
ar: @conftest.lst: No such file or directory
configure:6389: $? = 1
configure:6409: result: no
configure:6467: checking for strip
configure:6483: found /usr/bin/strip
configure:6494: result: strip
configure:6566: checking for ranlib
configure:6582: found /usr/bin/ranlib
configure:6593: result: ranlib
configure:6695: checking command to parse /usr/bin/nm -B output from gcc object
configure:6848: gcc -c -g -O2  conftest.c >&5
configure:6851: $? = 0
configure:6855: /usr/bin/nm -B conftest.o \| sed -n -e 's/^.*[ ]\([BCDEGRST][BCDEGRST]*\)[ ][ ]*\([_A-Za-z][_A-Za-z0-9]*\)$/\1 \2 \2/p' | sed '/ __gnu_lto/d' \> conftest.nm
configure:6858: $? = 0
cannot find nm_test_var in conftest.nm
configure:6848: gcc -c -g -O2  conftest.c >&5
configure:6851: $? = 0
configure:6855: /usr/bin/nm -B conftest.o \| sed -n -e 's/^.*[ ]\([BCDEGRST][BCDEGRST]*\)[ ][ ]*_\([_A-Za-z][_A-Za-z0-9]*\)$/\1 _\2 \2/p' | sed '/ __gnu_lto/d' \> conftest.nm
configure:6858: $? = 0
configure:6924: gcc -o conftest -g -O2   conftest.c conftstm.o >&5
warning: (x86_64)  could not find object file symbol for symbol _main
configure:6927: $? = 0
configure:6965: result: ok
configure:7012: checking for sysroot
configure:7042: result: no
configure:7049: checking for a working dd
configure:7087: result: /bin/dd
configure:7091: checking how to truncate binary pipes
configure:7106: result: /bin/dd bs=4096 count=1
configure:7435: checking for mt
configure:7465: result: no
configure:7485: checking if : is a manifest tool
configure:7491: : '-?'
configure:7499: result: no
configure:7555: checking for dsymutil
configure:7571: found /usr/bin/dsymutil
configure:7582: result: dsymutil
configure:7647: checking for nmedit
configure:7663: found /usr/bin/nmedit
configure:7674: result: nmedit
configure:7739: checking for lipo
configure:7755: found /usr/bin/lipo
configure:7766: result: lipo
configure:7831: checking for otool
configure:7847: found /usr/bin/otool
configure:7858: result: otool
configure:7923: checking for otool64
configure:7953: result: no
configure:7998: checking for -single_module linker flag
gcc -g -O2  -o libconftest.dylib -dynamiclib -Wl,-single_module conftest.c
configure:8031: result: yes
configure:8034: checking for -exported_symbols_list linker flag
configure:8054: gcc -o conftest -g -O2   -Wl,-exported_symbols_list,conftest.sym conftest.c  >&5
configure:8054: $? = 0
configure:8064: result: yes
configure:8067: checking for -force_load linker flag
gcc -g -O2 -c -o conftest.o conftest.c
ar cru libconftest.a conftest.o
ranlib libconftest.a
gcc -g -O2  -o conftest conftest.c -Wl,-force_load,./libconftest.a
configure:8099: result: yes
configure:8176: checking how to run the C preprocessor
configure:8207: gcc -E  conftest.c
configure:8207: $? = 0
configure:8221: gcc -E  conftest.c
conftest.c:9:10: fatal error: 'ac_nonexistent.h' file not found
#include <ac_nonexistent.h>
         ^
1 error generated.
configure:8221: $? = 1
configure: failed program was:
| /* confdefs.h */
| #define PACKAGE_NAME "libosmscout-import"
| #define PACKAGE_TARNAME "libosmscout-import"
| #define PACKAGE_VERSION "0.1"
| #define PACKAGE_STRING "libosmscout-import 0.1"
| #define PACKAGE_BUGREPORT "tim@teulings.org"
| #define PACKAGE_URL ""
| /* end confdefs.h.  */
| #include <ac_nonexistent.h>
configure:8246: result: gcc -E
configure:8266: gcc -E  conftest.c
configure:8266: $? = 0
configure:8280: gcc -E  conftest.c
conftest.c:9:10: fatal error: 'ac_nonexistent.h' file not found
#include <ac_nonexistent.h>
         ^
1 error generated.
configure:8280: $? = 1
configure: failed program was:
| /* confdefs.h */
| #define PACKAGE_NAME "libosmscout-import"
| #define PACKAGE_TARNAME "libosmscout-import"
| #define PACKAGE_VERSION "0.1"
| #define PACKAGE_STRING "libosmscout-import 0.1"
| #define PACKAGE_BUGREPORT "tim@teulings.org"
| #define PACKAGE_URL ""
| /* end confdefs.h.  */
| #include <ac_nonexistent.h>
configure:8309: checking for ANSI C header files
configure:8329: gcc -c -g -O2  conftest.c >&5
configure:8329: $? = 0
configure:8402: gcc -o conftest -g -O2   conftest.c  >&5
configure:8402: $? = 0
configure:8402: ./conftest
configure:8402: $? = 0
configure:8413: result: yes
configure:8426: checking for sys/types.h
configure:8426: gcc -c -g -O2  conftest.c >&5
configure:8426: $? = 0
configure:8426: result: yes
configure:8426: checking for sys/stat.h
configure:8426: gcc -c -g -O2  conftest.c >&5
configure:8426: $? = 0
configure:8426: result: yes
configure:8426: checking for stdlib.h
configure:8426: gcc -c -g -O2  conftest.c >&5
configure:8426: $? = 0
configure:8426: result: yes
configure:8426: checking for string.h
configure:8426: gcc -c -g -O2  conftest.c >&5
configure:8426: $? = 0
configure:8426: result: yes
configure:8426: checking for memory.h
configure:8426: gcc -c -g -O2  conftest.c >&5
configure:8426: $? = 0
configure:8426: result: yes
configure:8426: checking for strings.h
configure:8426: gcc -c -g -O2  conftest.c >&5
configure:8426: $? = 0
configure:8426: result: yes
configure:8426: checking for inttypes.h
configure:8426: gcc -c -g -O2  conftest.c >&5
configure:8426: $? = 0
configure:8426: result: yes
configure:8426: checking for stdint.h
configure:8426: gcc -c -g -O2  conftest.c >&5
configure:8426: $? = 0
configure:8426: result: yes
configure:8426: checking for unistd.h
configure:8426: gcc -c -g -O2  conftest.c >&5
configure:8426: $? = 0
configure:8426: result: yes
configure:8440: checking for dlfcn.h
configure:8440: gcc -c -g -O2  conftest.c >&5
configure:8440: $? = 0
configure:8440: result: yes
configure:9004: checking for objdir
configure:9019: result: .libs
configure:9283: checking if gcc supports -fno-rtti -fno-exceptions
configure:9301: gcc -c -g -O2  -fno-rtti -fno-exceptions conftest.c >&5
configure:9305: $? = 0
configure:9318: result: yes
configure:9676: checking for gcc option to produce PIC
configure:9683: result: -fno-common -DPIC
configure:9691: checking if gcc PIC flag -fno-common -DPIC works
configure:9709: gcc -c -g -O2  -fno-common -DPIC -DPIC conftest.c >&5
configure:9713: $? = 0
configure:9726: result: yes
configure:9755: checking if gcc static flag -static works
configure:9783: result: no
configure:9798: checking if gcc supports -c -o file.o
configure:9819: gcc -c -g -O2  -o out/conftest2.o conftest.c >&5
configure:9823: $? = 0
configure:9845: result: yes
configure:9853: checking if gcc supports -c -o file.o
configure:9900: result: yes
configure:9933: checking whether the gcc linker (/Applications/Xcode.app/Contents/Developer/Toolchains/XcodeDefault.xctoolchain/usr/bin/ld) supports shared libraries
configure:11192: result: yes
configure:11432: checking dynamic linker characteristics
configure:12250: result: darwin15.0.0 dyld
configure:12372: checking how to hardcode library paths into programs
configure:12397: result: immediate
configure:12945: checking whether stripping libraries is possible
configure:12959: result: yes
configure:12985: checking if libtool supports shared libraries
configure:12987: result: yes
configure:12990: checking whether to build shared libraries
configure:13015: result: yes
configure:13018: checking whether to build static libraries
configure:13022: result: no
configure:13045: checking how to run the C++ preprocessor
configure:13072: g++ -E  conftest.cpp
configure:13072: $? = 0
configure:13086: g++ -E  conftest.cpp
conftest.cpp:21:10: fatal error: 'ac_nonexistent.h' file not found
#include <ac_nonexistent.h>
         ^
1 error generated.
configure:13086: $? = 1
configure: failed program was:
| /* confdefs.h */
| #define PACKAGE_NAME "libosmscout-import"
| #define PACKAGE_TARNAME "libosmscout-import"
| #define PACKAGE_VERSION "0.1"
| #define PACKAGE_STRING "libosmscout-import 0.1"
| #define PACKAGE_BUGREPORT "tim@teulings.org"
| #define PACKAGE_URL ""
| #define STDC_HEADERS 1
| #define HAVE_SYS_TYPES_H 1
| #define HAVE_SYS_STAT_H 1
| #define HAVE_STDLIB_H 1
| #define HAVE_STRING_H 1
| #define HAVE_MEMORY_H 1
| #define HAVE_STRINGS_H 1
| #define HAVE_INTTYPES_H 1
| #define HAVE_STDINT_H 1
| #define HAVE_UNISTD_H 1
| #define HAVE_DLFCN_H 1
| #define LT_OBJDIR ".libs/"
| /* end confdefs.h.  */
| #include <ac_nonexistent.h>
configure:13111: result: g++ -E
configure:13131: g++ -E  conftest.cpp
configure:13131: $? = 0
configure:13145: g++ -E  conftest.cpp
conftest.cpp:21:10: fatal error: 'ac_nonexistent.h' file not found
#include <ac_nonexistent.h>
         ^
1 error generated.
configure:13145: $? = 1
configure: failed program was:
| /* confdefs.h */
| #define PACKAGE_NAME "libosmscout-import"
| #define PACKAGE_TARNAME "libosmscout-import"
| #define PACKAGE_VERSION "0.1"
| #define PACKAGE_STRING "libosmscout-import 0.1"
| #define PACKAGE_BUGREPORT "tim@teulings.org"
| #define PACKAGE_URL ""
| #define STDC_HEADERS 1
| #define HAVE_SYS_TYPES_H 1
| #define HAVE_SYS_STAT_H 1
| #define HAVE_STDLIB_H 1
| #define HAVE_STRING_H 1
| #define HAVE_MEMORY_H 1
| #define HAVE_STRINGS_H 1
| #define HAVE_INTTYPES_H 1
| #define HAVE_STDINT_H 1
| #define HAVE_UNISTD_H 1
| #define HAVE_DLFCN_H 1
| #define LT_OBJDIR ".libs/"
| /* end confdefs.h.  */
| #include <ac_nonexistent.h>
configure:13307: checking for ld used by g++
configure:13374: result: /Applications/Xcode.app/Contents/Developer/Toolchains/XcodeDefault.xctoolchain/usr/bin/ld
configure:13381: checking if the linker (/Applications/Xcode.app/Contents/Developer/Toolchains/XcodeDefault.xctoolchain/usr/bin/ld) is GNU ld
configure:13396: result: no
configure:13451: checking whether the g++ linker (/Applications/Xcode.app/Contents/Developer/Toolchains/XcodeDefault.xctoolchain/usr/bin/ld) supports shared libraries
configure:14524: result: yes
configure:14560: g++ -c -g -O2  conftest.cpp >&5
configure:14563: $? = 0
configure:15044: checking for g++ option to produce PIC
configure:15051: result: -fno-common -DPIC
configure:15059: checking if g++ PIC flag -fno-common -DPIC works
configure:15077: g++ -c -g -O2  -fno-common -DPIC -DPIC conftest.cpp >&5
configure:15081: $? = 0
configure:15094: result: yes
configure:15117: checking if g++ static flag -static works
configure:15145: result: no
configure:15157: checking if g++ supports -c -o file.o
configure:15178: g++ -c -g -O2  -o out/conftest2.o conftest.cpp >&5
configure:15182: $? = 0
configure:15204: result: yes
configure:15209: checking if g++ supports -c -o file.o
configure:15256: result: yes
configure:15286: checking whether the g++ linker (/Applications/Xcode.app/Contents/Developer/Toolchains/XcodeDefault.xctoolchain/usr/bin/ld) supports shared libraries
configure:15326: result: yes
configure:15467: checking dynamic linker characteristics
configure:16212: result: darwin15.0.0 dyld
configure:16277: checking how to hardcode library paths into programs
configure:16302: result: immediate
configure:16368: checking whether the -Werror option is usable
configure:16387: gcc -c -g -O2 -Werror  conftest.c >&5
configure:16387: $? = 0
configure:16396: result: yes
configure:16398: checking for simple visibility declarations
configure:16425: gcc -c -g -O2 -fvisibility=hidden -Werror  conftest.c >&5
configure:16425: $? = 0
configure:16434: result: yes
configure:16469: checking whether g++ supports C++11 features by default
configure:16529: g++ -c -g -O2  conftest.cpp >&5
conftest.cpp:27:21: error: expected parameter declarator
      static_assert(sizeof(int) <= sizeof(T), "not big enough");
                    ^
conftest.cpp:27:21: error: expected ')'
conftest.cpp:27:20: note: to match this '('
      static_assert(sizeof(int) <= sizeof(T), "not big enough");
                   ^
conftest.cpp:27:7: error: C++ requires a type specifier for all declarations
      static_assert(sizeof(int) <= sizeof(T), "not big enough");
      ^
conftest.cpp:34:22: warning: 'override' keyword is a C++11 extension [-Wc++11-extensions]
    virtual void f() override {}
                     ^
conftest.cpp:37:29: error: a space is required between consecutive right angle brackets (use '> >')
    typedef check<check<bool>> right_angle_brackets;
                            ^~
                            > >
conftest.cpp:40:5: error: unknown type name 'decltype'
    decltype(a) b;
    ^
conftest.cpp:40:16: error: expected ';' after top level declarator
    decltype(a) b;
               ^
               ;
conftest.cpp:44:15: warning: rvalue references are a C++11 extension [-Wc++11-extensions]
    check_type&& cr = static_cast<check_type&&>(c);
              ^
conftest.cpp:44:45: warning: rvalue references are a C++11 extension [-Wc++11-extensions]
    check_type&& cr = static_cast<check_type&&>(c);
                                            ^
conftest.cpp:46:5: warning: 'auto' type specifier is a C++11 extension [-Wc++11-extensions]
    auto d = a;
    ^
conftest.cpp:47:5: warning: 'auto' type specifier is a C++11 extension [-Wc++11-extensions]
    auto l = [](){};
    ^
conftest.cpp:47:14: error: expected expression
    auto l = [](){};
             ^
conftest.cpp:57:24: warning: alias declarations are a C++11 extension [-Wc++11-extensions]
        using member = typename T::member_type;
                       ^
conftest.cpp:73:17: error: expected expression
    void noret [[noreturn]] () { throw 0; }
                ^
6 warnings and 8 errors generated.
configure:16529: $? = 1
configure: failed program was:
| /* confdefs.h */
| #define PACKAGE_NAME "libosmscout-import"
| #define PACKAGE_TARNAME "libosmscout-import"
| #define PACKAGE_VERSION "0.1"
| #define PACKAGE_STRING "libosmscout-import 0.1"
| #define PACKAGE_BUGREPORT "tim@teulings.org"
| #define PACKAGE_URL ""
| #define STDC_HEADERS 1
| #define HAVE_SYS_TYPES_H 1
| #define HAVE_SYS_STAT_H 1
| #define HAVE_STDLIB_H 1
| #define HAVE_STRING_H 1
| #define HAVE_MEMORY_H 1
| #define HAVE_STRINGS_H 1
| #define HAVE_INTTYPES_H 1
| #define HAVE_STDINT_H 1
| #define HAVE_UNISTD_H 1
| #define HAVE_DLFCN_H 1
| #define LT_OBJDIR ".libs/"
| #define HAVE_VISIBILITY 1
| #define OSMSCOUT_IMPORT_EXPORT_SYMBOLS 1
| /* end confdefs.h.  */
| 
|   template <typename T>
|     struct check
|     {
|       static_assert(sizeof(int) <= sizeof(T), "not big enough");
|     };
| 
|     struct Base {
|     virtual void f() {}
|     };
|     struct Child : public Base {
|     virtual void f() override {}
|     };
| 
|     typedef check<check<bool>> right_angle_brackets;
| 
|     int a;
|     decltype(a) b;
| 
|     typedef check<int> check_type;
|     check_type c;
|     check_type&& cr = static_cast<check_type&&>(c);
| 
|     auto d = a;
|     auto l = [](){};
|     // Prevent Clang error: unused variable 'l' [-Werror,-Wunused-variable]
|     struct use_l { use_l() { l(); } };
| 
|     // http://stackoverflow.com/questions/13728184/template-aliases-and-sfinae
|     // Clang 3.1 fails with headers of libstd++ 4.8.3 when using std::function because of this
|     namespace test_template_alias_sfinae {
|         struct foo {};
| 
|         template<typename T>
|         using member = typename T::member_type;
| 
|         template<typename T>
|         void func(...) {}
| 
|         template<typename T>
|         void func(member<T>*) {}
| 
|         void test();
| 
|         void test() {
|             func<foo>(0);
|         }
|     }
| 
|     // Check for C++11 attribute support
|     void noret [[noreturn]] () { throw 0; }
| 
configure:16536: result: no
configure:16545: checking whether g++ supports C++11 features with -std=gnu++11
configure:16607: g++ -c -g -O2 -std=gnu++11  conftest.cpp >&5
configure:16607: $? = 0
configure:16616: result: yes
configure:16741: checking CXXFLAGS for maximum warnings
configure:16761: g++ -c -g -O2 -std=gnu++11 -warn all  -warn all  conftest.cpp >&5
clang: error: unknown argument: '-warn'
clang: error: unknown argument: '-warn'
clang: error: no such file or directory: 'all'
clang: error: no such file or directory: 'all'
configure:16761: $? = 1
configure: failed program was:
| /* confdefs.h */
| #define PACKAGE_NAME "libosmscout-import"
| #define PACKAGE_TARNAME "libosmscout-import"
| #define PACKAGE_VERSION "0.1"
| #define PACKAGE_STRING "libosmscout-import 0.1"
| #define PACKAGE_BUGREPORT "tim@teulings.org"
| #define PACKAGE_URL ""
| #define STDC_HEADERS 1
| #define HAVE_SYS_TYPES_H 1
| #define HAVE_SYS_STAT_H 1
| #define HAVE_STDLIB_H 1
| #define HAVE_STRING_H 1
| #define HAVE_MEMORY_H 1
| #define HAVE_STRINGS_H 1
| #define HAVE_INTTYPES_H 1
| #define HAVE_STDINT_H 1
| #define HAVE_UNISTD_H 1
| #define HAVE_DLFCN_H 1
| #define LT_OBJDIR ".libs/"
| #define HAVE_VISIBILITY 1
| #define OSMSCOUT_IMPORT_EXPORT_SYMBOLS 1
| /* end confdefs.h.  */
| 
| int
| main ()
| {
| 
|   ;
|   return 0;
| }
configure:16761: g++ -c -g -O2 -std=gnu++11 -pedantic  -Wall  conftest.cpp >&5
configure:16761: $? = 0
configure:16769: result: -Wall
configure:16789: : CXXFLAGS="$CXXFLAGS"
configure:16792: $? = 0
configure:16834: checking size of wchar_t
configure:16839: g++ -o conftest -g -O2 -std=gnu++11 -Wall -Wextra -Wpointer-arith -Wundef -Wcast-qual -Wcast-align -Wredundant-decls -Wno-long-long -Wunused-variable   conftest.cpp  >&5
configure:16839: $? = 0
configure:16839: ./conftest
configure:16839: $? = 0
configure:16853: result: 4
configure:16864: checking for library containing sqrt
configure:16895: g++ -o conftest -g -O2 -std=gnu++11 -Wall -Wextra -Wpointer-arith -Wundef -Wcast-qual -Wcast-align -Wredundant-decls -Wno-long-long -Wunused-variable   conftest.cpp  >&5
configure:16895: $? = 0
configure:16912: result: none required
configure:16923: checking for mmap
configure:16923: g++ -o conftest -g -O2 -std=gnu++11 -Wall -Wextra -Wpointer-arith -Wundef -Wcast-qual -Wcast-align -Wredundant-decls -Wno-long-long -Wunused-variable   conftest.cpp  >&5
configure:16923: $? = 0
configure:16923: result: yes
configure:16940: checking for special C compiler options needed for large files
configure:16985: result: no
configure:16991: checking for _FILE_OFFSET_BITS value needed for large files
configure:17016: g++ -c -g -O2 -std=gnu++11 -Wall -Wextra -Wpointer-arith -Wundef -Wcast-qual -Wcast-align -Wredundant-decls -Wno-long-long -Wunused-variable  conftest.cpp >&5
configure:17016: $? = 0
configure:17048: result: no
configure:17133: checking for _LARGEFILE_SOURCE value needed for large files
configure:17152: g++ -o conftest -g -O2 -std=gnu++11 -Wall -Wextra -Wpointer-arith -Wundef -Wcast-qual -Wcast-align -Wredundant-decls -Wno-long-long -Wunused-variable   conftest.cpp  >&5
configure:17152: $? = 0
configure:17180: result: no
configure:17256: checking for pkg-config
configure:17274: found /usr/local/bin/pkg-config
configure:17286: result: /usr/local/bin/pkg-config
configure:17311: checking pkg-config is at least version 0.9.0
configure:17314: result: yes
configure:17324: checking for LIBOSMSCOUT
configure:17331: $PKG_CONFIG --exists --print-errors "libosmscout"
configure:17334: $? = 0
configure:17348: $PKG_CONFIG --exists --print-errors "libosmscout"
configure:17351: $? = 0
configure:17409: result: yes
configure:17415: checking for WIN32
configure:17429: g++ -o conftest -g -O2 -std=gnu++11 -Wall -Wextra -Wpointer-arith -Wundef -Wcast-qual -Wcast-align -Wredundant-decls -Wno-long-long -Wunused-variable   conftest.cpp  >&5
conftest.cpp:27:14: fatal error: 'windows.h' file not found
    #include <windows.h>
             ^
1 error generated.
configure:17429: $? = 1
configure: failed program was:
| /* confdefs.h */
| #define PACKAGE_NAME "libosmscout-import"
| #define PACKAGE_TARNAME "libosmscout-import"
| #define PACKAGE_VERSION "0.1"
| #define PACKAGE_STRING "libosmscout-import 0.1"
| #define PACKAGE_BUGREPORT "tim@teulings.org"
| #define PACKAGE_URL ""
| #define STDC_HEADERS 1
| #define HAVE_SYS_TYPES_H 1
| #define HAVE_SYS_STAT_H 1
| #define HAVE_STDLIB_H 1
| #define HAVE_STRING_H 1
| #define HAVE_MEMORY_H 1
| #define HAVE_STRINGS_H 1
| #define HAVE_INTTYPES_H 1
| #define HAVE_STDINT_H 1
| #define HAVE_UNISTD_H 1
| #define HAVE_DLFCN_H 1
| #define LT_OBJDIR ".libs/"
| #define HAVE_VISIBILITY 1
| #define OSMSCOUT_IMPORT_EXPORT_SYMBOLS 1
| #define SIZEOF_WCHAR_T 4
| #define HAVE_MMAP 1
| #define HAVE_FSEEKO 1
| /* end confdefs.h.  */
| 
|     #include <windows.h>
| int
| main ()
| {
| GetModuleHandleA(0);
|   ;
|   return 0;
| }
configure:17434: result: no
configure:17442: checking for XML2
configure:17449: $PKG_CONFIG --exists --print-errors "libxml-2.0 >= 2.6.0"
configure:17452: $? = 0
configure:17466: $PKG_CONFIG --exists --print-errors "libxml-2.0 >= 2.6.0"
configure:17469: $? = 0
configure:17507: result: yes
configure:17528: checking for PROTOBUF
configure:17535: $PKG_CONFIG --exists --print-errors "protobuf"
configure:17538: $? = 0
configure:17552: $PKG_CONFIG --exists --print-errors "protobuf"
configure:17555: $? = 0
configure:17593: result: yes
configure:17614: checking for ZLIB
configure:17621: $PKG_CONFIG --exists --print-errors "zlib"
configure:17624: $? = 0
configure:17638: $PKG_CONFIG --exists --print-errors "zlib"
configure:17641: $? = 0
configure:17679: result: yes
configure:17699: checking for protoc
configure:17717: found /usr/local/bin/protoc
configure:17729: result: /usr/local/bin/protoc
configure:17749: checking for MARISA
configure:17756: $PKG_CONFIG --exists --print-errors "marisa"
configure:17759: $? = 0
configure:17773: $PKG_CONFIG --exists --print-errors "marisa"
configure:17776: $? = 0
configure:17814: result: yes
configure:17841: checking our pkgconfig libname
configure:17849: result: libosmscout-import
configure:17852: checking our pkgconfig version
configure:17860: result: 0.1
configure:17863: checking our pkgconfig_libdir
configure:17870: result: ${libdir}/pkgconfig
configure:17873: result: expanded our pkgconfig_libdir... /usr/local/lib/pkgconfig
configure:17877: checking our pkgconfig_libfile
configure:17883: result: libosmscout-import.pc
configure:17890: checking our package / suffix
configure:17894: result: libosmscout-import / 
configure:17897: checking our pkgconfig description
configure:17904: result: libosmscout import library
configure:17907: checking our pkgconfig requires
configure:17912: result: libosmscout
configure:17915: checking our pkgconfig ext libs
configure:17922: result: -losmscoutimport -L/usr/local/Cellar/protobuf/2.6.1/lib -lprotobuf -D_THREAD_SAFE -lz -lxml2
configure:17925: checking our pkgconfig cppflags
configure:17930: result: -D_THREAD_SAFE -I/usr/local/Cellar/protobuf/2.6.1/include -I/usr/include/libxml2
configure:17933: checking our pkgconfig ldflags
configure:17938: result: 
configure:17978: result: noninstalled pkgconfig -L /Users/mac/Desktop/libosmscout/libosmscout-import/src/.libs
configure:18013: result: noninstalled pkgconfig -I /Users/mac/Desktop/libosmscout/libosmscout-import/./include
configure:18132: checking that generated files are newer than configure
configure:18138: result: done
configure:18185: creating ./config.status

## ---------------------- ##
## Running config.status. ##
## ---------------------- ##

This file was extended by libosmscout-import config.status 0.1, which was
generated by GNU Autoconf 2.69.  Invocation command line was

  CONFIG_FILES    = 
  CONFIG_HEADERS  = 
  CONFIG_LINKS    = 
  CONFIG_COMMANDS = 
  $ ./config.status 

on Betobens-Mac.local

config.status:1210: creating Makefile
config.status:1210: creating src/Makefile
config.status:1210: creating src/protobuf/Makefile
config.status:1210: creating include/Makefile
config.status:1210: creating include/osmscout/private/Config.h
config.status:1210: creating include/osmscout/ImportFeatures.h
config.status:1439: executing depfiles commands
config.status:1439: executing libtool commands
config.status:1439: executing libosmscout-import.pc commands
config.status:2261: creating libosmscout-import.pc.in
config.status:2284: creating libosmscout-import.pc
config.status:2310: creating libosmscout-import-uninstalled.pc
config.status:2340: creating libosmscout-import-uninstalled.sh

## ---------------- ##
## Cache variables. ##
## ---------------- ##

ac_cv_build=x86_64-apple-darwin15.0.0
ac_cv_c_compiler_gnu=yes
ac_cv_cxx_compiler_gnu=yes
ac_cv_cxxflags_warn_all=-Wall
ac_cv_env_CCC_set=
ac_cv_env_CCC_value=
ac_cv_env_CC_set=
ac_cv_env_CC_value=
ac_cv_env_CFLAGS_set=
ac_cv_env_CFLAGS_value=
ac_cv_env_CPPFLAGS_set=
ac_cv_env_CPPFLAGS_value=
ac_cv_env_CPP_set=
ac_cv_env_CPP_value=
ac_cv_env_CXXCPP_set=
ac_cv_env_CXXCPP_value=
ac_cv_env_CXXFLAGS_set=
ac_cv_env_CXXFLAGS_value=
ac_cv_env_CXX_set=
ac_cv_env_CXX_value=
ac_cv_env_LDFLAGS_set=
ac_cv_env_LDFLAGS_value=
ac_cv_env_LIBOSMSCOUT_CFLAGS_set=
ac_cv_env_LIBOSMSCOUT_CFLAGS_value=
ac_cv_env_LIBOSMSCOUT_LIBS_set=
ac_cv_env_LIBOSMSCOUT_LIBS_value=
ac_cv_env_LIBS_set=
ac_cv_env_LIBS_value=
ac_cv_env_LT_SYS_LIBRARY_PATH_set=
ac_cv_env_LT_SYS_LIBRARY_PATH_value=
ac_cv_env_MARISA_CFLAGS_set=
ac_cv_env_MARISA_CFLAGS_value=
ac_cv_env_MARISA_LIBS_set=
ac_cv_env_MARISA_LIBS_value=
ac_cv_env_PKG_CONFIG_LIBDIR_set=
ac_cv_env_PKG_CONFIG_LIBDIR_value=
ac_cv_env_PKG_CONFIG_PATH_set=set
ac_cv_env_PKG_CONFIG_PATH_value=:/Users/mac/libosmscout-code/libosmscout:/Users/mac/libosmscout-code/libosmscout-import:/Users/mac/Desktop/libosmscout:/Users/mac/Desktop/libosmscout/libosmscout:/Users/mac/Desktop/libosmscout/libosmscout-map:/Users/mac/Desktop/libosmscout/libosmscout-map-iOSX
ac_cv_env_PKG_CONFIG_set=
ac_cv_env_PKG_CONFIG_value=
ac_cv_env_PROTOBUF_CFLAGS_set=
ac_cv_env_PROTOBUF_CFLAGS_value=
ac_cv_env_PROTOBUF_LIBS_set=
ac_cv_env_PROTOBUF_LIBS_value=
ac_cv_env_XML2_CFLAGS_set=
ac_cv_env_XML2_CFLAGS_value=
ac_cv_env_XML2_LIBS_set=
ac_cv_env_XML2_LIBS_value=
ac_cv_env_ZLIB_CFLAGS_set=
ac_cv_env_ZLIB_CFLAGS_value=
ac_cv_env_ZLIB_LIBS_set=
ac_cv_env_ZLIB_LIBS_value=
ac_cv_env_build_alias_set=
ac_cv_env_build_alias_value=
ac_cv_env_host_alias_set=
ac_cv_env_host_alias_value=
ac_cv_env_target_alias_set=
ac_cv_env_target_alias_value=
ac_cv_func_mmap=yes
ac_cv_header_dlfcn_h=yes
ac_cv_header_inttypes_h=yes
ac_cv_header_memory_h=yes
ac_cv_header_stdc=yes
ac_cv_header_stdint_h=yes
ac_cv_header_stdlib_h=yes
ac_cv_header_string_h=yes
ac_cv_header_strings_h=yes
ac_cv_header_sys_stat_h=yes
ac_cv_header_sys_types_h=yes
ac_cv_header_unistd_h=yes
ac_cv_host=x86_64-apple-darwin15.0.0
ac_cv_objext=o
ac_cv_path_EGREP='/usr/bin/grep -E'
ac_cv_path_FGREP='/usr/bin/grep -F'
ac_cv_path_GREP=/usr/bin/grep
ac_cv_path_SED=/usr/bin/sed
ac_cv_path_ac_pt_PKG_CONFIG=/usr/local/bin/pkg-config
ac_cv_path_install='/usr/bin/install -c'
ac_cv_path_lt_DD=/bin/dd
ac_cv_path_protoc=/usr/local/bin/protoc
ac_cv_prog_AWK=awk
ac_cv_prog_CPP='gcc -E'
ac_cv_prog_CXXCPP='g++ -E'
ac_cv_prog_ac_ct_AR=ar
ac_cv_prog_ac_ct_CC=gcc
ac_cv_prog_ac_ct_CXX=g++
ac_cv_prog_ac_ct_DSYMUTIL=dsymutil
ac_cv_prog_ac_ct_LIPO=lipo
ac_cv_prog_ac_ct_NMEDIT=nmedit
ac_cv_prog_ac_ct_OTOOL=otool
ac_cv_prog_ac_ct_RANLIB=ranlib
ac_cv_prog_ac_ct_STRIP=strip
ac_cv_prog_cc_c89=
ac_cv_prog_cc_g=yes
ac_cv_prog_cxx_g=yes
ac_cv_prog_make_make_set=yes
ac_cv_search_sqrt='none required'
ac_cv_sizeof_wchar_t=4
ac_cv_sys_file_offset_bits=no
ac_cv_sys_largefile_CC=no
ac_cv_sys_largefile_source=no
am_cv_CC_dependencies_compiler_type=gcc3
am_cv_CXX_dependencies_compiler_type=gcc3
am_cv_make_support_nested_variables=yes
am_cv_prog_cc_c_o=yes
ax_cv_cxx_compile_cxx11=no
ax_cv_cxx_compile_cxx11__std_gnupp11=yes
gl_cv_cc_vis_werror=yes
gl_cv_cc_visibility=yes
lt_cv_apple_cc_single_mod=yes
lt_cv_ar_at_file=no
lt_cv_deplibs_check_method=pass_all
lt_cv_file_magic_cmd='$MAGIC_CMD'
lt_cv_file_magic_test_file=
lt_cv_ld_exported_symbols_list=yes
lt_cv_ld_force_load=yes
lt_cv_ld_reload_flag=-r
lt_cv_nm_interface='BSD nm'
lt_cv_objdir=.libs
lt_cv_path_LD=/Applications/Xcode.app/Contents/Developer/Toolchains/XcodeDefault.xctoolchain/usr/bin/ld
lt_cv_path_LDCXX=/Applications/Xcode.app/Contents/Developer/Toolchains/XcodeDefault.xctoolchain/usr/bin/ld
lt_cv_path_NM='/usr/bin/nm -B'
lt_cv_path_mainfest_tool=no
lt_cv_prog_compiler_c_o=yes
lt_cv_prog_compiler_c_o_CXX=yes
lt_cv_prog_compiler_pic='-fno-common -DPIC'
lt_cv_prog_compiler_pic_CXX='-fno-common -DPIC'
lt_cv_prog_compiler_pic_works=yes
lt_cv_prog_compiler_pic_works_CXX=yes
lt_cv_prog_compiler_rtti_exceptions=yes
lt_cv_prog_compiler_static_works=no
lt_cv_prog_compiler_static_works_CXX=no
lt_cv_prog_gnu_ld=no
lt_cv_prog_gnu_ldcxx=no
lt_cv_sharedlib_from_linklib_cmd='printf %s\n'
lt_cv_sys_global_symbol_pipe='sed -n -e '\''s/^.*[	 ]\([BCDEGRST][BCDEGRST]*\)[	 ][	 ]*_\([_A-Za-z][_A-Za-z0-9]*\)$/\1 _\2 \2/p'\'' | sed '\''/ __gnu_lto/d'\'''
lt_cv_sys_global_symbol_to_c_name_address='sed -n -e '\''s/^: \(.*\) .*$/  {"\1", (void *) 0},/p'\'' -e '\''s/^[BCDEGRST][BCDEGRST]* .* \(.*\)$/  {"\1", (void *) \&\1},/p'\'''
lt_cv_sys_global_symbol_to_c_name_address_lib_prefix='sed -n -e '\''s/^: \(.*\) .*$/  {"\1", (void *) 0},/p'\'' -e '\''s/^[BCDEGRST][BCDEGRST]* .* \(lib.*\)$/  {"\1", (void *) \&\1},/p'\'' -e '\''s/^[BCDEGRST][BCDEGRST]* .* \(.*\)$/  {"lib\1", (void *) \&\1},/p'\'''
lt_cv_sys_global_symbol_to_cdecl='sed -n -e '\''s/^T .* \(.*\)$/extern int \1();/p'\'' -e '\''s/^[BCDEGRST][BCDEGRST]* .* \(.*\)$/extern char \1;/p'\'''
lt_cv_sys_global_symbol_to_import=
lt_cv_sys_max_cmd_len=196608
lt_cv_to_host_file_cmd=func_convert_file_noop
lt_cv_to_tool_file_cmd=func_convert_file_noop
lt_cv_truncate_bin='/bin/dd bs=4096 count=1'
pkg_cv_LIBOSMSCOUT_CFLAGS='-D_THREAD_SAFE -pthread -mmmx -msse -msse2 -msse3 -mssse3 -msse4.1 -msse4.2 -mavx -I/Users/mac/Desktop/libosmscout/libosmscout/./include -I/usr/local/Cellar/libmarisa/0.2.4_1/include'
pkg_cv_LIBOSMSCOUT_LIBS='-L/Users/mac/Desktop/libosmscout/libosmscout/src/.libs -L/usr/local/Cellar/libmarisa/0.2.4_1/lib -losmscout -D_THREAD_SAFE -pthread -lmarisa'
pkg_cv_MARISA_CFLAGS=-I/usr/local/Cellar/libmarisa/0.2.4_1/include
pkg_cv_MARISA_LIBS='-L/usr/local/Cellar/libmarisa/0.2.4_1/lib -lmarisa'
pkg_cv_PROTOBUF_CFLAGS='-D_THREAD_SAFE -I/usr/local/Cellar/protobuf/2.6.1/include'
pkg_cv_PROTOBUF_LIBS='-L/usr/local/Cellar/protobuf/2.6.1/lib -lprotobuf -D_THREAD_SAFE'
pkg_cv_XML2_CFLAGS=-I/usr/include/libxml2
pkg_cv_XML2_LIBS=-lxml2
pkg_cv_ZLIB_CFLAGS=
pkg_cv_ZLIB_LIBS=-lz

## ----------------- ##
## Output variables. ##
## ----------------- ##

ACLOCAL='${SHELL} /Users/mac/Desktop/libosmscout/libosmscout-import/missing aclocal-1.15'
AMDEPBACKSLASH='\'
AMDEP_FALSE='#'
AMDEP_TRUE=''
AMTAR='$${TAR-tar}'
AM_BACKSLASH='\'
AM_DEFAULT_V='$(AM_DEFAULT_VERBOSITY)'
AM_DEFAULT_VERBOSITY='0'
AM_V='$(V)'
AR='ar'
AS='as'
AUTOCONF='${SHELL} /Users/mac/Desktop/libosmscout/libosmscout-import/missing autoconf'
AUTOHEADER='${SHELL} /Users/mac/Desktop/libosmscout/libosmscout-import/missing autoheader'
AUTOMAKE='${SHELL} /Users/mac/Desktop/libosmscout/libosmscout-import/missing automake-1.15'
AWK='awk'
CC='gcc'
CCDEPMODE='depmode=gcc3'
CFLAGS='-g -O2'
CFLAG_VISIBILITY='-fvisibility=hidden'
CPP='gcc -E'
CPPFLAGS='-DLIB_DATADIR=\"${datarootdir}/libosmscout-import\" '
CXX='g++'
CXXCPP='g++ -E'
CXXDEPMODE='depmode=gcc3'
CXXFLAGS='-g -O2 -std=gnu++11 -Wall -Wextra -Wpointer-arith -Wundef -Wcast-qual -Wcast-align -Wredundant-decls -Wno-long-long -Wunused-variable'
CYGPATH_W='echo'
DEFS='-DHAVE_CONFIG_H'
DEPDIR='.deps'
DLLTOOL='false'
DSYMUTIL='dsymutil'
DUMPBIN=''
ECHO_C='\c'
ECHO_N=''
ECHO_T=''
EGREP='/usr/bin/grep -E'
EXEEXT=''
FGREP='/usr/bin/grep -F'
GREP='/usr/bin/grep'
HAVE_CXX11=''
HAVE_LIB_PROTOBUF_FALSE='#'
HAVE_LIB_PROTOBUF_TRUE=''
HAVE_LIB_XML_FALSE='#'
HAVE_LIB_XML_TRUE=''
HAVE_LIB_ZLIB_FALSE='#'
HAVE_LIB_ZLIB_TRUE=''
HAVE_PROG_PROTOC_FALSE='#'
HAVE_PROG_PROTOC_TRUE=''
HAVE_VISIBILITY='1'
INSTALL_DATA='${INSTALL} -m 644'
INSTALL_PROGRAM='${INSTALL}'
INSTALL_SCRIPT='${INSTALL}'
INSTALL_STRIP_PROGRAM='$(install_sh) -c -s'
LD='/Applications/Xcode.app/Contents/Developer/Toolchains/XcodeDefault.xctoolchain/usr/bin/ld'
LDFLAGS=''
LIBOBJS=''
LIBOSMSCOUT_CFLAGS='-D_THREAD_SAFE -pthread -mmmx -msse -msse2 -msse3 -mssse3 -msse4.1 -msse4.2 -mavx -I/Users/mac/Desktop/libosmscout/libosmscout/./include -I/usr/local/Cellar/libmarisa/0.2.4_1/include'
LIBOSMSCOUT_LIBS='-L/Users/mac/Desktop/libosmscout/libosmscout/src/.libs -L/usr/local/Cellar/libmarisa/0.2.4_1/lib -losmscout -D_THREAD_SAFE -pthread -lmarisa'
LIBS=''
LIBTOOL='$(SHELL) $(top_builddir)/libtool'
LIPO='lipo'
LN_S='ln -s'
LTLIBOBJS=''
LT_SYS_LIBRARY_PATH=''
MAKEINFO='${SHELL} /Users/mac/Desktop/libosmscout/libosmscout-import/missing makeinfo'
MANIFEST_TOOL=':'
MARISA_CFLAGS='-I/usr/local/Cellar/libmarisa/0.2.4_1/include'
MARISA_LIBS='-L/usr/local/Cellar/libmarisa/0.2.4_1/lib -lmarisa'
MKDIR_P='./install-sh -c -d'
NM='/usr/bin/nm -B'
NMEDIT='nmedit'
OBJDUMP='false'
OBJEXT='o'
OSMSCOUT_HAVE_LIB_MARISA_FALSE='#'
OSMSCOUT_HAVE_LIB_MARISA_TRUE=''
OTOOL64=':'
OTOOL='otool'
PACKAGE='libosmscout-import'
PACKAGE_BUGREPORT='tim@teulings.org'
PACKAGE_NAME='libosmscout-import'
PACKAGE_STRING='libosmscout-import 0.1'
PACKAGE_TARNAME='libosmscout-import'
PACKAGE_URL=''
PACKAGE_VERSION='0.1'
PATH_SEPARATOR=':'
PKG_CONFIG='/usr/local/bin/pkg-config'
PKG_CONFIG_LIBDIR=''
PKG_CONFIG_PATH=':/Users/mac/libosmscout-code/libosmscout:/Users/mac/libosmscout-code/libosmscout-import:/Users/mac/Desktop/libosmscout:/Users/mac/Desktop/libosmscout/libosmscout:/Users/mac/Desktop/libosmscout/libosmscout-map:/Users/mac/Desktop/libosmscout/libosmscout-map-iOSX'
PROTOBUF_CFLAGS='-D_THREAD_SAFE -I/usr/local/Cellar/protobuf/2.6.1/include'
PROTOBUF_LIBS='-L/usr/local/Cellar/protobuf/2.6.1/lib -lprotobuf -D_THREAD_SAFE'
RANLIB='ranlib'
SED='/usr/bin/sed'
SET_MAKE=''
SHELL='/bin/sh'
STRIP='strip'
VERSION='0.1'
XML2_CFLAGS='-I/usr/include/libxml2'
XML2_LIBS='-lxml2'
ZLIB_CFLAGS=''
ZLIB_LIBS='-lz'
ac_ct_AR='ar'
ac_ct_CC='gcc'
ac_ct_CXX='g++'
ac_ct_DUMPBIN=''
am__EXEEXT_FALSE=''
am__EXEEXT_TRUE='#'
am__fastdepCC_FALSE='#'
am__fastdepCC_TRUE=''
am__fastdepCXX_FALSE='#'
am__fastdepCXX_TRUE=''
am__include='include'
am__isrc=''
am__leading_dot='.'
am__nodep='_no'
am__quote=''
am__tar='$${TAR-tar} chof - "$$tardir"'
am__untar='$${TAR-tar} xf -'
bindir='${exec_prefix}/bin'
build='x86_64-apple-darwin15.0.0'
build_alias=''
build_cpu='x86_64'
build_os='darwin15.0.0'
build_vendor='apple'
datadir='${datarootdir}'
datarootdir='${prefix}/share'
docdir='${datarootdir}/doc/${PACKAGE_TARNAME}'
dvidir='${docdir}'
exec_prefix='${prefix}'
host='x86_64-apple-darwin15.0.0'
host_alias=''
host_cpu='x86_64'
host_os='darwin15.0.0'
host_vendor='apple'
htmldir='${docdir}'
includedir='${prefix}/include'
infodir='${datarootdir}/info'
install_sh='${SHELL} /Users/mac/Desktop/libosmscout/libosmscout-import/install-sh'
libdir='${exec_prefix}/lib'
libexecdir='${exec_prefix}/libexec'
localedir='${datarootdir}/locale'
localstatedir='${prefix}/var'
mandir='${datarootdir}/man'
mkdir_p='$(MKDIR_P)'
oldincludedir='/usr/include'
pdfdir='${docdir}'
pkgconfig_libdir='${libdir}/pkgconfig'
pkgconfig_libfile='libosmscout-import.pc'
prefix='/usr/local'
program_transform_name='s,x,x,'
protoc='/usr/local/bin/protoc'
psdir='${docdir}'
sbindir='${exec_prefix}/sbin'
sharedstatedir='${prefix}/com'
sysconfdir='${prefix}/etc'
target_alias=''

## ----------- ##
## confdefs.h. ##
## ----------- ##

/* confdefs.h */
#define PACKAGE_NAME "libosmscout-import"
#define PACKAGE_TARNAME "libosmscout-import"
#define PACKAGE_VERSION "0.1"
#define PACKAGE_STRING "libosmscout-import 0.1"
#define PACKAGE_BUGREPORT "tim@teulings.org"
#define PACKAGE_URL ""
#define STDC_HEADERS 1
#define HAVE_SYS_TYPES_H 1
#define HAVE_SYS_STAT_H 1
#define HAVE_STDLIB_H 1
#define HAVE_STRING_H 1
#define HAVE_MEMORY_H 1
#define HAVE_STRINGS_H 1
#define HAVE_INTTYPES_H 1
#define HAVE_STDINT_H 1
#define HAVE_UNISTD_H 1
#define HAVE_DLFCN_H 1
#define LT_OBJDIR ".libs/"
#define HAVE_VISIBILITY 1
#define OSMSCOUT_IMPORT_EXPORT_SYMBOLS 1
#define SIZEOF_WCHAR_T 4
#define HAVE_MMAP 1
#define HAVE_FSEEKO 1
#define HAVE_LIB_XML 1
#define HAVE_LIB_PROTOBUF 1
#define HAVE_LIB_ZLIB 1
#define OSMSCOUT_IMPORT_HAVE_LIB_MARISA 1

configure: exit 0
