This file contains any messages produced by compilers while
running configure, to aid debugging if configure makes a mistake.

It was created by libosmscout-map configure 0.1, which was
generated by GNU Autoconf 2.69.  Invocation command line was

  $ ./configure 

## --------- ##
## Platform. ##
## --------- ##

hostname = Betobens-Mac.local
uname -m = x86_64
uname -r = 15.0.0
uname -s = Darwin
uname -v = Darwin Kernel Version 15.0.0: Wed Aug 26 16:57:32 PDT 2015; root:xnu-3247.1.106~1/RELEASE_X86_64

/usr/bin/uname -p = i386
/bin/uname -X     = unknown

/bin/arch              = unknown
/usr/bin/arch -k       = unknown
/usr/convex/getsysinfo = unknown
/usr/bin/hostinfo      = Mach kernel version:
	 Darwin Kernel Version 15.0.0: Wed Aug 26 16:57:32 PDT 2015; root:xnu-3247.1.106~1/RELEASE_X86_64
Kernel configured for up to 2 processors.
2 processors are physically available.
2 processors are logically available.
Processor type: i486 (Intel 80486)
Processors active: 0 1
Primary memory available: 6.00 gigabytes
Default processor set: 301 tasks, 1047 threads, 2 processors
Load average: 3.75, Mach factor: 0.27
/bin/machine           = unknown
/usr/bin/oslevel       = unknown
/bin/universe          = unknown

PATH: /usr/local/bin
PATH: /usr/bin
PATH: /bin
PATH: /usr/sbin
PATH: /sbin


## ----------- ##
## Core tests. ##
## ----------- ##

configure:2327: checking for a BSD-compatible install
configure:2395: result: /usr/bin/install -c
configure:2406: checking whether build environment is sane
configure:2461: result: yes
configure:2612: checking for a thread-safe mkdir -p
configure:2651: result: ./install-sh -c -d
configure:2658: checking for gawk
configure:2688: result: no
configure:2658: checking for mawk
configure:2688: result: no
configure:2658: checking for nawk
configure:2688: result: no
configure:2658: checking for awk
configure:2674: found /usr/bin/awk
configure:2685: result: awk
configure:2696: checking whether make sets $(MAKE)
configure:2718: result: yes
configure:2747: checking whether make supports nested variables
configure:2764: result: yes
configure:2898: checking whether make supports nested variables
configure:2915: result: yes
configure:2985: checking for g++
configure:3001: found /usr/bin/g++
configure:3012: result: g++
configure:3039: checking for C++ compiler version
configure:3048: g++ --version >&5
Apple LLVM version 7.3.0 (clang-703.0.29)
Target: x86_64-apple-darwin15.0.0
Thread model: posix
InstalledDir: /Applications/Xcode.app/Contents/Developer/Toolchains/XcodeDefault.xctoolchain/usr/bin
Configured with: --prefix=/Applications/Xcode.app/Contents/Developer/usr --with-gxx-include-dir=/usr/include/c++/4.2.1
configure:3059: $? = 0
configure:3048: g++ -v >&5
Configured with: --prefix=/Applications/Xcode.app/Contents/Developer/usr --with-gxx-include-dir=/usr/include/c++/4.2.1
Apple LLVM version 7.3.0 (clang-703.0.29)
Target: x86_64-apple-darwin15.0.0
Thread model: posix
InstalledDir: /Applications/Xcode.app/Contents/Developer/Toolchains/XcodeDefault.xctoolchain/usr/bin
configure:3059: $? = 0
configure:3048: g++ -V >&5
clang: error: argument to '-V' is missing (expected 1 value)
clang: error: no input files
configure:3059: $? = 1
configure:3048: g++ -qversion >&5
clang: error: unknown argument: '-qversion'
clang: error: no input files
configure:3059: $? = 1
configure:3079: checking whether the C++ compiler works
configure:3101: g++    conftest.cpp  >&5
configure:3105: $? = 0
configure:3153: result: yes
configure:3156: checking for C++ compiler default output file name
configure:3158: result: a.out
configure:3164: checking for suffix of executables
configure:3171: g++ -o conftest    conftest.cpp  >&5
configure:3175: $? = 0
configure:3197: result: 
configure:3219: checking whether we are cross compiling
configure:3227: g++ -o conftest    conftest.cpp  >&5
configure:3231: $? = 0
configure:3238: ./conftest
configure:3242: $? = 0
configure:3257: result: no
configure:3262: checking for suffix of object files
configure:3284: g++ -c   conftest.cpp >&5
configure:3288: $? = 0
configure:3309: result: o
configure:3313: checking whether we are using the GNU C++ compiler
configure:3332: g++ -c   conftest.cpp >&5
configure:3332: $? = 0
configure:3341: result: yes
configure:3350: checking whether g++ accepts -g
configure:3370: g++ -c -g  conftest.cpp >&5
configure:3370: $? = 0
configure:3411: result: yes
configure:3445: checking for style of include used by make
configure:3473: result: GNU
configure:3499: checking dependency style of g++
configure:3610: result: gcc3
configure:3656: checking build system type
configure:3670: result: x86_64-apple-darwin15.0.0
configure:3690: checking host system type
configure:3703: result: x86_64-apple-darwin15.0.0
configure:3744: checking how to print strings
configure:3771: result: printf
configure:3840: checking for gcc
configure:3856: found /usr/bin/gcc
configure:3867: result: gcc
configure:4096: checking for C compiler version
configure:4105: gcc --version >&5
Apple LLVM version 7.3.0 (clang-703.0.29)
Target: x86_64-apple-darwin15.0.0
Thread model: posix
InstalledDir: /Applications/Xcode.app/Contents/Developer/Toolchains/XcodeDefault.xctoolchain/usr/bin
Configured with: --prefix=/Applications/Xcode.app/Contents/Developer/usr --with-gxx-include-dir=/usr/include/c++/4.2.1
configure:4116: $? = 0
configure:4105: gcc -v >&5
Configured with: --prefix=/Applications/Xcode.app/Contents/Developer/usr --with-gxx-include-dir=/usr/include/c++/4.2.1
Apple LLVM version 7.3.0 (clang-703.0.29)
Target: x86_64-apple-darwin15.0.0
Thread model: posix
InstalledDir: /Applications/Xcode.app/Contents/Developer/Toolchains/XcodeDefault.xctoolchain/usr/bin
configure:4116: $? = 0
configure:4105: gcc -V >&5
clang: error: argument to '-V' is missing (expected 1 value)
clang: error: no input files
configure:4116: $? = 1
configure:4105: gcc -qversion >&5
clang: error: unknown argument: '-qversion'
clang: error: no input files
configure:4116: $? = 1
configure:4120: checking whether we are using the GNU C compiler
configure:4139: gcc -c   conftest.c >&5
configure:4139: $? = 0
configure:4148: result: yes
configure:4157: checking whether gcc accepts -g
configure:4177: gcc -c -g  conftest.c >&5
configure:4177: $? = 0
configure:4218: result: yes
configure:4235: checking for gcc option to accept ISO C89
configure:4298: gcc  -c -g -O2  conftest.c >&5
configure:4298: $? = 0
configure:4311: result: none needed
configure:4336: checking whether gcc understands -c and -o together
configure:4358: gcc -c conftest.c -o conftest2.o
configure:4361: $? = 0
configure:4358: gcc -c conftest.c -o conftest2.o
configure:4361: $? = 0
configure:4373: result: yes
configure:4392: checking dependency style of gcc
configure:4503: result: gcc3
configure:4518: checking for a sed that does not truncate output
configure:4582: result: /usr/bin/sed
configure:4600: checking for grep that handles long lines and -e
configure:4658: result: /usr/bin/grep
configure:4663: checking for egrep
configure:4725: result: /usr/bin/grep -E
configure:4730: checking for fgrep
configure:4792: result: /usr/bin/grep -F
configure:4827: checking for ld used by gcc
configure:4894: result: /Applications/Xcode.app/Contents/Developer/Toolchains/XcodeDefault.xctoolchain/usr/bin/ld
configure:4901: checking if the linker (/Applications/Xcode.app/Contents/Developer/Toolchains/XcodeDefault.xctoolchain/usr/bin/ld) is GNU ld
configure:4916: result: no
configure:4928: checking for BSD- or MS-compatible name lister (nm)
configure:4982: result: /usr/bin/nm -B
configure:5112: checking the name lister (/usr/bin/nm -B) interface
configure:5119: gcc -c -g -O2  conftest.c >&5
configure:5122: /usr/bin/nm -B "conftest.o"
configure:5125: output
00000000000001fc S _some_variable
configure:5132: result: BSD nm
configure:5135: checking whether ln -s works
configure:5139: result: yes
configure:5147: checking the maximum length of command line arguments
configure:5278: result: 196608
configure:5326: checking how to convert x86_64-apple-darwin15.0.0 file names to x86_64-apple-darwin15.0.0 format
configure:5366: result: func_convert_file_noop
configure:5373: checking how to convert x86_64-apple-darwin15.0.0 file names to toolchain format
configure:5393: result: func_convert_file_noop
configure:5400: checking for /Applications/Xcode.app/Contents/Developer/Toolchains/XcodeDefault.xctoolchain/usr/bin/ld option to reload object files
configure:5407: result: -r
configure:5481: checking for objdump
configure:5511: result: no
configure:5537: checking how to recognize dependent libraries
configure:5737: result: pass_all
configure:5822: checking for dlltool
configure:5852: result: no
configure:5879: checking how to associate runtime and link libraries
configure:5906: result: printf %s\n
configure:5967: checking for ar
configure:5983: found /usr/bin/ar
configure:5994: result: ar
configure:6031: checking for archiver @FILE support
configure:6048: gcc -c -g -O2  conftest.c >&5
configure:6048: $? = 0
configure:6051: ar cru libconftest.a @conftest.lst >&5
ar: @conftest.lst: No such file or directory
configure:6054: $? = 1
configure:6074: result: no
configure:6132: checking for strip
configure:6148: found /usr/bin/strip
configure:6159: result: strip
configure:6231: checking for ranlib
configure:6247: found /usr/bin/ranlib
configure:6258: result: ranlib
configure:6360: checking command to parse /usr/bin/nm -B output from gcc object
configure:6513: gcc -c -g -O2  conftest.c >&5
configure:6516: $? = 0
configure:6520: /usr/bin/nm -B conftest.o \| sed -n -e 's/^.*[ ]\([BCDEGRST][BCDEGRST]*\)[ ][ ]*\([_A-Za-z][_A-Za-z0-9]*\)$/\1 \2 \2/p' | sed '/ __gnu_lto/d' \> conftest.nm
configure:6523: $? = 0
cannot find nm_test_var in conftest.nm
configure:6513: gcc -c -g -O2  conftest.c >&5
configure:6516: $? = 0
configure:6520: /usr/bin/nm -B conftest.o \| sed -n -e 's/^.*[ ]\([BCDEGRST][BCDEGRST]*\)[ ][ ]*_\([_A-Za-z][_A-Za-z0-9]*\)$/\1 _\2 \2/p' | sed '/ __gnu_lto/d' \> conftest.nm
configure:6523: $? = 0
configure:6589: gcc -o conftest -g -O2   conftest.c conftstm.o >&5
warning: (x86_64)  could not find object file symbol for symbol _main
configure:6592: $? = 0
configure:6630: result: ok
configure:6677: checking for sysroot
configure:6707: result: no
configure:6714: checking for a working dd
configure:6752: result: /bin/dd
configure:6756: checking how to truncate binary pipes
configure:6771: result: /bin/dd bs=4096 count=1
configure:7100: checking for mt
configure:7130: result: no
configure:7150: checking if : is a manifest tool
configure:7156: : '-?'
configure:7164: result: no
configure:7220: checking for dsymutil
configure:7236: found /usr/bin/dsymutil
configure:7247: result: dsymutil
configure:7312: checking for nmedit
configure:7328: found /usr/bin/nmedit
configure:7339: result: nmedit
configure:7404: checking for lipo
configure:7420: found /usr/bin/lipo
configure:7431: result: lipo
configure:7496: checking for otool
configure:7512: found /usr/bin/otool
configure:7523: result: otool
configure:7588: checking for otool64
configure:7618: result: no
configure:7663: checking for -single_module linker flag
gcc -g -O2  -o libconftest.dylib -dynamiclib -Wl,-single_module conftest.c
configure:7696: result: yes
configure:7699: checking for -exported_symbols_list linker flag
configure:7719: gcc -o conftest -g -O2   -Wl,-exported_symbols_list,conftest.sym conftest.c  >&5
configure:7719: $? = 0
configure:7729: result: yes
configure:7732: checking for -force_load linker flag
gcc -g -O2 -c -o conftest.o conftest.c
ar cru libconftest.a conftest.o
ranlib libconftest.a
gcc -g -O2  -o conftest conftest.c -Wl,-force_load,./libconftest.a
configure:7764: result: yes
configure:7841: checking how to run the C preprocessor
configure:7872: gcc -E  conftest.c
configure:7872: $? = 0
configure:7886: gcc -E  conftest.c
conftest.c:9:10: fatal error: 'ac_nonexistent.h' file not found
#include <ac_nonexistent.h>
         ^
1 error generated.
configure:7886: $? = 1
configure: failed program was:
| /* confdefs.h */
| #define PACKAGE_NAME "libosmscout-map"
| #define PACKAGE_TARNAME "libosmscout-map"
| #define PACKAGE_VERSION "0.1"
| #define PACKAGE_STRING "libosmscout-map 0.1"
| #define PACKAGE_BUGREPORT "tim@teulings.org"
| #define PACKAGE_URL ""
| /* end confdefs.h.  */
| #include <ac_nonexistent.h>
configure:7911: result: gcc -E
configure:7931: gcc -E  conftest.c
configure:7931: $? = 0
configure:7945: gcc -E  conftest.c
conftest.c:9:10: fatal error: 'ac_nonexistent.h' file not found
#include <ac_nonexistent.h>
         ^
1 error generated.
configure:7945: $? = 1
configure: failed program was:
| /* confdefs.h */
| #define PACKAGE_NAME "libosmscout-map"
| #define PACKAGE_TARNAME "libosmscout-map"
| #define PACKAGE_VERSION "0.1"
| #define PACKAGE_STRING "libosmscout-map 0.1"
| #define PACKAGE_BUGREPORT "tim@teulings.org"
| #define PACKAGE_URL ""
| /* end confdefs.h.  */
| #include <ac_nonexistent.h>
configure:7974: checking for ANSI C header files
configure:7994: gcc -c -g -O2  conftest.c >&5
configure:7994: $? = 0
configure:8067: gcc -o conftest -g -O2   conftest.c  >&5
configure:8067: $? = 0
configure:8067: ./conftest
configure:8067: $? = 0
configure:8078: result: yes
configure:8091: checking for sys/types.h
configure:8091: gcc -c -g -O2  conftest.c >&5
configure:8091: $? = 0
configure:8091: result: yes
configure:8091: checking for sys/stat.h
configure:8091: gcc -c -g -O2  conftest.c >&5
configure:8091: $? = 0
configure:8091: result: yes
configure:8091: checking for stdlib.h
configure:8091: gcc -c -g -O2  conftest.c >&5
configure:8091: $? = 0
configure:8091: result: yes
configure:8091: checking for string.h
configure:8091: gcc -c -g -O2  conftest.c >&5
configure:8091: $? = 0
configure:8091: result: yes
configure:8091: checking for memory.h
configure:8091: gcc -c -g -O2  conftest.c >&5
configure:8091: $? = 0
configure:8091: result: yes
configure:8091: checking for strings.h
configure:8091: gcc -c -g -O2  conftest.c >&5
configure:8091: $? = 0
configure:8091: result: yes
configure:8091: checking for inttypes.h
configure:8091: gcc -c -g -O2  conftest.c >&5
configure:8091: $? = 0
configure:8091: result: yes
configure:8091: checking for stdint.h
configure:8091: gcc -c -g -O2  conftest.c >&5
configure:8091: $? = 0
configure:8091: result: yes
configure:8091: checking for unistd.h
configure:8091: gcc -c -g -O2  conftest.c >&5
configure:8091: $? = 0
configure:8091: result: yes
configure:8105: checking for dlfcn.h
configure:8105: gcc -c -g -O2  conftest.c >&5
configure:8105: $? = 0
configure:8105: result: yes
configure:8669: checking for objdir
configure:8684: result: .libs
configure:8948: checking if gcc supports -fno-rtti -fno-exceptions
configure:8966: gcc -c -g -O2  -fno-rtti -fno-exceptions conftest.c >&5
configure:8970: $? = 0
configure:8983: result: yes
configure:9341: checking for gcc option to produce PIC
configure:9348: result: -fno-common -DPIC
configure:9356: checking if gcc PIC flag -fno-common -DPIC works
configure:9374: gcc -c -g -O2  -fno-common -DPIC -DPIC conftest.c >&5
configure:9378: $? = 0
configure:9391: result: yes
configure:9420: checking if gcc static flag -static works
configure:9448: result: no
configure:9463: checking if gcc supports -c -o file.o
configure:9484: gcc -c -g -O2  -o out/conftest2.o conftest.c >&5
configure:9488: $? = 0
configure:9510: result: yes
configure:9518: checking if gcc supports -c -o file.o
configure:9565: result: yes
configure:9598: checking whether the gcc linker (/Applications/Xcode.app/Contents/Developer/Toolchains/XcodeDefault.xctoolchain/usr/bin/ld) supports shared libraries
configure:10857: result: yes
configure:11097: checking dynamic linker characteristics
configure:11915: result: darwin15.0.0 dyld
configure:12037: checking how to hardcode library paths into programs
configure:12062: result: immediate
configure:12610: checking whether stripping libraries is possible
configure:12624: result: yes
configure:12650: checking if libtool supports shared libraries
configure:12652: result: yes
configure:12655: checking whether to build shared libraries
configure:12680: result: yes
configure:12683: checking whether to build static libraries
configure:12687: result: no
configure:12710: checking how to run the C++ preprocessor
configure:12737: g++ -E  conftest.cpp
configure:12737: $? = 0
configure:12751: g++ -E  conftest.cpp
conftest.cpp:21:10: fatal error: 'ac_nonexistent.h' file not found
#include <ac_nonexistent.h>
         ^
1 error generated.
configure:12751: $? = 1
configure: failed program was:
| /* confdefs.h */
| #define PACKAGE_NAME "libosmscout-map"
| #define PACKAGE_TARNAME "libosmscout-map"
| #define PACKAGE_VERSION "0.1"
| #define PACKAGE_STRING "libosmscout-map 0.1"
| #define PACKAGE_BUGREPORT "tim@teulings.org"
| #define PACKAGE_URL ""
| #define STDC_HEADERS 1
| #define HAVE_SYS_TYPES_H 1
| #define HAVE_SYS_STAT_H 1
| #define HAVE_STDLIB_H 1
| #define HAVE_STRING_H 1
| #define HAVE_MEMORY_H 1
| #define HAVE_STRINGS_H 1
| #define HAVE_INTTYPES_H 1
| #define HAVE_STDINT_H 1
| #define HAVE_UNISTD_H 1
| #define HAVE_DLFCN_H 1
| #define LT_OBJDIR ".libs/"
| /* end confdefs.h.  */
| #include <ac_nonexistent.h>
configure:12776: result: g++ -E
configure:12796: g++ -E  conftest.cpp
configure:12796: $? = 0
configure:12810: g++ -E  conftest.cpp
conftest.cpp:21:10: fatal error: 'ac_nonexistent.h' file not found
#include <ac_nonexistent.h>
         ^
1 error generated.
configure:12810: $? = 1
configure: failed program was:
| /* confdefs.h */
| #define PACKAGE_NAME "libosmscout-map"
| #define PACKAGE_TARNAME "libosmscout-map"
| #define PACKAGE_VERSION "0.1"
| #define PACKAGE_STRING "libosmscout-map 0.1"
| #define PACKAGE_BUGREPORT "tim@teulings.org"
| #define PACKAGE_URL ""
| #define STDC_HEADERS 1
| #define HAVE_SYS_TYPES_H 1
| #define HAVE_SYS_STAT_H 1
| #define HAVE_STDLIB_H 1
| #define HAVE_STRING_H 1
| #define HAVE_MEMORY_H 1
| #define HAVE_STRINGS_H 1
| #define HAVE_INTTYPES_H 1
| #define HAVE_STDINT_H 1
| #define HAVE_UNISTD_H 1
| #define HAVE_DLFCN_H 1
| #define LT_OBJDIR ".libs/"
| /* end confdefs.h.  */
| #include <ac_nonexistent.h>
configure:12972: checking for ld used by g++
configure:13039: result: /Applications/Xcode.app/Contents/Developer/Toolchains/XcodeDefault.xctoolchain/usr/bin/ld
configure:13046: checking if the linker (/Applications/Xcode.app/Contents/Developer/Toolchains/XcodeDefault.xctoolchain/usr/bin/ld) is GNU ld
configure:13061: result: no
configure:13116: checking whether the g++ linker (/Applications/Xcode.app/Contents/Developer/Toolchains/XcodeDefault.xctoolchain/usr/bin/ld) supports shared libraries
configure:14189: result: yes
configure:14225: g++ -c -g -O2  conftest.cpp >&5
configure:14228: $? = 0
configure:14709: checking for g++ option to produce PIC
configure:14716: result: -fno-common -DPIC
configure:14724: checking if g++ PIC flag -fno-common -DPIC works
configure:14742: g++ -c -g -O2  -fno-common -DPIC -DPIC conftest.cpp >&5
configure:14746: $? = 0
configure:14759: result: yes
configure:14782: checking if g++ static flag -static works
configure:14810: result: no
configure:14822: checking if g++ supports -c -o file.o
configure:14843: g++ -c -g -O2  -o out/conftest2.o conftest.cpp >&5
configure:14847: $? = 0
configure:14869: result: yes
configure:14874: checking if g++ supports -c -o file.o
configure:14921: result: yes
configure:14951: checking whether the g++ linker (/Applications/Xcode.app/Contents/Developer/Toolchains/XcodeDefault.xctoolchain/usr/bin/ld) supports shared libraries
configure:14991: result: yes
configure:15132: checking dynamic linker characteristics
configure:15877: result: darwin15.0.0 dyld
configure:15942: checking how to hardcode library paths into programs
configure:15967: result: immediate
configure:16033: checking whether the -Werror option is usable
configure:16052: gcc -c -g -O2 -Werror  conftest.c >&5
configure:16052: $? = 0
configure:16061: result: yes
configure:16063: checking for simple visibility declarations
configure:16090: gcc -c -g -O2 -fvisibility=hidden -Werror  conftest.c >&5
configure:16090: $? = 0
configure:16099: result: yes
configure:16133: checking whether g++ supports C++11 features by default
configure:16193: g++ -c -g -O2  conftest.cpp >&5
conftest.cpp:27:21: error: expected parameter declarator
      static_assert(sizeof(int) <= sizeof(T), "not big enough");
                    ^
conftest.cpp:27:21: error: expected ')'
conftest.cpp:27:20: note: to match this '('
      static_assert(sizeof(int) <= sizeof(T), "not big enough");
                   ^
conftest.cpp:27:7: error: C++ requires a type specifier for all declarations
      static_assert(sizeof(int) <= sizeof(T), "not big enough");
      ^
conftest.cpp:34:22: warning: 'override' keyword is a C++11 extension [-Wc++11-extensions]
    virtual void f() override {}
                     ^
conftest.cpp:37:29: error: a space is required between consecutive right angle brackets (use '> >')
    typedef check<check<bool>> right_angle_brackets;
                            ^~
                            > >
conftest.cpp:40:5: error: unknown type name 'decltype'
    decltype(a) b;
    ^
conftest.cpp:40:16: error: expected ';' after top level declarator
    decltype(a) b;
               ^
               ;
conftest.cpp:44:15: warning: rvalue references are a C++11 extension [-Wc++11-extensions]
    check_type&& cr = static_cast<check_type&&>(c);
              ^
conftest.cpp:44:45: warning: rvalue references are a C++11 extension [-Wc++11-extensions]
    check_type&& cr = static_cast<check_type&&>(c);
                                            ^
conftest.cpp:46:5: warning: 'auto' type specifier is a C++11 extension [-Wc++11-extensions]
    auto d = a;
    ^
conftest.cpp:47:5: warning: 'auto' type specifier is a C++11 extension [-Wc++11-extensions]
    auto l = [](){};
    ^
conftest.cpp:47:14: error: expected expression
    auto l = [](){};
             ^
conftest.cpp:57:24: warning: alias declarations are a C++11 extension [-Wc++11-extensions]
        using member = typename T::member_type;
                       ^
conftest.cpp:73:17: error: expected expression
    void noret [[noreturn]] () { throw 0; }
                ^
6 warnings and 8 errors generated.
configure:16193: $? = 1
configure: failed program was:
| /* confdefs.h */
| #define PACKAGE_NAME "libosmscout-map"
| #define PACKAGE_TARNAME "libosmscout-map"
| #define PACKAGE_VERSION "0.1"
| #define PACKAGE_STRING "libosmscout-map 0.1"
| #define PACKAGE_BUGREPORT "tim@teulings.org"
| #define PACKAGE_URL ""
| #define STDC_HEADERS 1
| #define HAVE_SYS_TYPES_H 1
| #define HAVE_SYS_STAT_H 1
| #define HAVE_STDLIB_H 1
| #define HAVE_STRING_H 1
| #define HAVE_MEMORY_H 1
| #define HAVE_STRINGS_H 1
| #define HAVE_INTTYPES_H 1
| #define HAVE_STDINT_H 1
| #define HAVE_UNISTD_H 1
| #define HAVE_DLFCN_H 1
| #define LT_OBJDIR ".libs/"
| #define HAVE_VISIBILITY 1
| #define OSMSCOUT_MAP_EXPORT_SYMBOLS 1
| /* end confdefs.h.  */
| 
|   template <typename T>
|     struct check
|     {
|       static_assert(sizeof(int) <= sizeof(T), "not big enough");
|     };
| 
|     struct Base {
|     virtual void f() {}
|     };
|     struct Child : public Base {
|     virtual void f() override {}
|     };
| 
|     typedef check<check<bool>> right_angle_brackets;
| 
|     int a;
|     decltype(a) b;
| 
|     typedef check<int> check_type;
|     check_type c;
|     check_type&& cr = static_cast<check_type&&>(c);
| 
|     auto d = a;
|     auto l = [](){};
|     // Prevent Clang error: unused variable 'l' [-Werror,-Wunused-variable]
|     struct use_l { use_l() { l(); } };
| 
|     // http://stackoverflow.com/questions/13728184/template-aliases-and-sfinae
|     // Clang 3.1 fails with headers of libstd++ 4.8.3 when using std::function because of this
|     namespace test_template_alias_sfinae {
|         struct foo {};
| 
|         template<typename T>
|         using member = typename T::member_type;
| 
|         template<typename T>
|         void func(...) {}
| 
|         template<typename T>
|         void func(member<T>*) {}
| 
|         void test();
| 
|         void test() {
|             func<foo>(0);
|         }
|     }
| 
|     // Check for C++11 attribute support
|     void noret [[noreturn]] () { throw 0; }
| 
configure:16200: result: no
configure:16209: checking whether g++ supports C++11 features with -std=gnu++11
configure:16271: g++ -c -g -O2 -std=gnu++11  conftest.cpp >&5
configure:16271: $? = 0
configure:16280: result: yes
configure:16405: checking CXXFLAGS for maximum warnings
configure:16425: g++ -c -g -O2 -std=gnu++11 -warn all  -warn all  conftest.cpp >&5
clang: error: unknown argument: '-warn'
clang: error: unknown argument: '-warn'
clang: error: no such file or directory: 'all'
clang: error: no such file or directory: 'all'
configure:16425: $? = 1
configure: failed program was:
| /* confdefs.h */
| #define PACKAGE_NAME "libosmscout-map"
| #define PACKAGE_TARNAME "libosmscout-map"
| #define PACKAGE_VERSION "0.1"
| #define PACKAGE_STRING "libosmscout-map 0.1"
| #define PACKAGE_BUGREPORT "tim@teulings.org"
| #define PACKAGE_URL ""
| #define STDC_HEADERS 1
| #define HAVE_SYS_TYPES_H 1
| #define HAVE_SYS_STAT_H 1
| #define HAVE_STDLIB_H 1
| #define HAVE_STRING_H 1
| #define HAVE_MEMORY_H 1
| #define HAVE_STRINGS_H 1
| #define HAVE_INTTYPES_H 1
| #define HAVE_STDINT_H 1
| #define HAVE_UNISTD_H 1
| #define HAVE_DLFCN_H 1
| #define LT_OBJDIR ".libs/"
| #define HAVE_VISIBILITY 1
| #define OSMSCOUT_MAP_EXPORT_SYMBOLS 1
| /* end confdefs.h.  */
| 
| int
| main ()
| {
| 
|   ;
|   return 0;
| }
configure:16425: g++ -c -g -O2 -std=gnu++11 -pedantic  -Wall  conftest.cpp >&5
configure:16425: $? = 0
configure:16433: result: -Wall
configure:16453: : CXXFLAGS="$CXXFLAGS"
configure:16456: $? = 0
configure:16485: checking for library containing sqrt
configure:16516: g++ -o conftest -g -O2 -std=gnu++11 -Wall -Wextra -Wpointer-arith -Wundef -Wcast-qual -Wcast-align -Wredundant-decls -Wno-long-long -Wunused-variable   conftest.cpp  >&5
configure:16516: $? = 0
configure:16533: result: none required
configure:16543: checking for WIN32
configure:16557: g++ -o conftest -g -O2 -std=gnu++11 -Wall -Wextra -Wpointer-arith -Wundef -Wcast-qual -Wcast-align -Wredundant-decls -Wno-long-long -Wunused-variable   conftest.cpp  >&5
conftest.cpp:24:14: fatal error: 'windows.h' file not found
    #include <windows.h>
             ^
1 error generated.
configure:16557: $? = 1
configure: failed program was:
| /* confdefs.h */
| #define PACKAGE_NAME "libosmscout-map"
| #define PACKAGE_TARNAME "libosmscout-map"
| #define PACKAGE_VERSION "0.1"
| #define PACKAGE_STRING "libosmscout-map 0.1"
| #define PACKAGE_BUGREPORT "tim@teulings.org"
| #define PACKAGE_URL ""
| #define STDC_HEADERS 1
| #define HAVE_SYS_TYPES_H 1
| #define HAVE_SYS_STAT_H 1
| #define HAVE_STDLIB_H 1
| #define HAVE_STRING_H 1
| #define HAVE_MEMORY_H 1
| #define HAVE_STRINGS_H 1
| #define HAVE_INTTYPES_H 1
| #define HAVE_STDINT_H 1
| #define HAVE_UNISTD_H 1
| #define HAVE_DLFCN_H 1
| #define LT_OBJDIR ".libs/"
| #define HAVE_VISIBILITY 1
| #define OSMSCOUT_MAP_EXPORT_SYMBOLS 1
| /* end confdefs.h.  */
| 
|     #include <windows.h>
| int
| main ()
| {
| GetModuleHandleA(0);
|   ;
|   return 0;
| }
configure:16562: result: no
configure:16622: checking for pkg-config
configure:16640: found /usr/local/bin/pkg-config
configure:16652: result: /usr/local/bin/pkg-config
configure:16677: checking pkg-config is at least version 0.9.0
configure:16680: result: yes
configure:16690: checking for LIBOSMSCOUT
configure:16697: $PKG_CONFIG --exists --print-errors "libosmscout"
configure:16700: $? = 0
configure:16714: $PKG_CONFIG --exists --print-errors "libosmscout"
configure:16717: $? = 0
configure:16775: result: yes
configure:16789: checking our pkgconfig libname
configure:16797: result: libosmscout-map
configure:16800: checking our pkgconfig version
configure:16808: result: 0.1
configure:16811: checking our pkgconfig_libdir
configure:16818: result: ${libdir}/pkgconfig
configure:16821: result: expanded our pkgconfig_libdir... /usr/local/lib/pkgconfig
configure:16825: checking our pkgconfig_libfile
configure:16831: result: libosmscout-map.pc
configure:16838: checking our package / suffix
configure:16842: result: libosmscout-map / 
configure:16845: checking our pkgconfig description
configure:16852: result: libosmscout map rendering base library
configure:16855: checking our pkgconfig requires
configure:16860: result: libosmscout
configure:16863: checking our pkgconfig ext libs
configure:16870: result: -losmscoutmap
configure:16873: checking our pkgconfig cppflags
configure:16878: result: 
configure:16881: checking our pkgconfig ldflags
configure:16886: result: 
configure:16926: result: noninstalled pkgconfig -L /Users/mac/Desktop/libosmscout/libosmscout-map/src/.libs
configure:16961: result: noninstalled pkgconfig -I /Users/mac/Desktop/libosmscout/libosmscout-map/./include
configure:17080: checking that generated files are newer than configure
configure:17086: result: done
configure:17113: creating ./config.status

## ---------------------- ##
## Running config.status. ##
## ---------------------- ##

This file was extended by libosmscout-map config.status 0.1, which was
generated by GNU Autoconf 2.69.  Invocation command line was

  CONFIG_FILES    = 
  CONFIG_HEADERS  = 
  CONFIG_LINKS    = 
  CONFIG_COMMANDS = 
  $ ./config.status 

on Betobens-Mac.local

config.status:1183: creating Makefile
config.status:1183: creating src/Makefile
config.status:1183: creating include/Makefile
config.status:1183: creating include/osmscout/private/Config.h
config.status:1183: creating include/osmscout/MapFeatures.h
config.status:1412: executing depfiles commands
config.status:1412: executing libtool commands
config.status:1412: executing libosmscout-map.pc commands
config.status:2234: creating libosmscout-map.pc.in
config.status:2257: creating libosmscout-map.pc
config.status:2283: creating libosmscout-map-uninstalled.pc
config.status:2313: creating libosmscout-map-uninstalled.sh

## ---------------- ##
## Cache variables. ##
## ---------------- ##

ac_cv_build=x86_64-apple-darwin15.0.0
ac_cv_c_compiler_gnu=yes
ac_cv_cxx_compiler_gnu=yes
ac_cv_cxxflags_warn_all=-Wall
ac_cv_env_CCC_set=
ac_cv_env_CCC_value=
ac_cv_env_CC_set=
ac_cv_env_CC_value=
ac_cv_env_CFLAGS_set=
ac_cv_env_CFLAGS_value=
ac_cv_env_CPPFLAGS_set=
ac_cv_env_CPPFLAGS_value=
ac_cv_env_CPP_set=
ac_cv_env_CPP_value=
ac_cv_env_CXXCPP_set=
ac_cv_env_CXXCPP_value=
ac_cv_env_CXXFLAGS_set=
ac_cv_env_CXXFLAGS_value=
ac_cv_env_CXX_set=
ac_cv_env_CXX_value=
ac_cv_env_LDFLAGS_set=
ac_cv_env_LDFLAGS_value=
ac_cv_env_LIBOSMSCOUT_CFLAGS_set=
ac_cv_env_LIBOSMSCOUT_CFLAGS_value=
ac_cv_env_LIBOSMSCOUT_LIBS_set=
ac_cv_env_LIBOSMSCOUT_LIBS_value=
ac_cv_env_LIBS_set=
ac_cv_env_LIBS_value=
ac_cv_env_LT_SYS_LIBRARY_PATH_set=
ac_cv_env_LT_SYS_LIBRARY_PATH_value=
ac_cv_env_PKG_CONFIG_LIBDIR_set=
ac_cv_env_PKG_CONFIG_LIBDIR_value=
ac_cv_env_PKG_CONFIG_PATH_set=set
ac_cv_env_PKG_CONFIG_PATH_value=:/Users/mac/libosmscout-code/libosmscout:/Users/mac/libosmscout-code/libosmscout-import:/Users/mac/Desktop/libosmscout:/Users/mac/Desktop/libosmscout/libosmscout
ac_cv_env_PKG_CONFIG_set=
ac_cv_env_PKG_CONFIG_value=
ac_cv_env_build_alias_set=
ac_cv_env_build_alias_value=
ac_cv_env_host_alias_set=
ac_cv_env_host_alias_value=
ac_cv_env_target_alias_set=
ac_cv_env_target_alias_value=
ac_cv_header_dlfcn_h=yes
ac_cv_header_inttypes_h=yes
ac_cv_header_memory_h=yes
ac_cv_header_stdc=yes
ac_cv_header_stdint_h=yes
ac_cv_header_stdlib_h=yes
ac_cv_header_string_h=yes
ac_cv_header_strings_h=yes
ac_cv_header_sys_stat_h=yes
ac_cv_header_sys_types_h=yes
ac_cv_header_unistd_h=yes
ac_cv_host=x86_64-apple-darwin15.0.0
ac_cv_objext=o
ac_cv_path_EGREP='/usr/bin/grep -E'
ac_cv_path_FGREP='/usr/bin/grep -F'
ac_cv_path_GREP=/usr/bin/grep
ac_cv_path_SED=/usr/bin/sed
ac_cv_path_ac_pt_PKG_CONFIG=/usr/local/bin/pkg-config
ac_cv_path_install='/usr/bin/install -c'
ac_cv_path_lt_DD=/bin/dd
ac_cv_prog_AWK=awk
ac_cv_prog_CPP='gcc -E'
ac_cv_prog_CXXCPP='g++ -E'
ac_cv_prog_ac_ct_AR=ar
ac_cv_prog_ac_ct_CC=gcc
ac_cv_prog_ac_ct_CXX=g++
ac_cv_prog_ac_ct_DSYMUTIL=dsymutil
ac_cv_prog_ac_ct_LIPO=lipo
ac_cv_prog_ac_ct_NMEDIT=nmedit
ac_cv_prog_ac_ct_OTOOL=otool
ac_cv_prog_ac_ct_RANLIB=ranlib
ac_cv_prog_ac_ct_STRIP=strip
ac_cv_prog_cc_c89=
ac_cv_prog_cc_g=yes
ac_cv_prog_cxx_g=yes
ac_cv_prog_make_make_set=yes
ac_cv_search_sqrt='none required'
am_cv_CC_dependencies_compiler_type=gcc3
am_cv_CXX_dependencies_compiler_type=gcc3
am_cv_make_support_nested_variables=yes
am_cv_prog_cc_c_o=yes
ax_cv_cxx_compile_cxx11=no
ax_cv_cxx_compile_cxx11__std_gnupp11=yes
gl_cv_cc_vis_werror=yes
gl_cv_cc_visibility=yes
lt_cv_apple_cc_single_mod=yes
lt_cv_ar_at_file=no
lt_cv_deplibs_check_method=pass_all
lt_cv_file_magic_cmd='$MAGIC_CMD'
lt_cv_file_magic_test_file=
lt_cv_ld_exported_symbols_list=yes
lt_cv_ld_force_load=yes
lt_cv_ld_reload_flag=-r
lt_cv_nm_interface='BSD nm'
lt_cv_objdir=.libs
lt_cv_path_LD=/Applications/Xcode.app/Contents/Developer/Toolchains/XcodeDefault.xctoolchain/usr/bin/ld
lt_cv_path_LDCXX=/Applications/Xcode.app/Contents/Developer/Toolchains/XcodeDefault.xctoolchain/usr/bin/ld
lt_cv_path_NM='/usr/bin/nm -B'
lt_cv_path_mainfest_tool=no
lt_cv_prog_compiler_c_o=yes
lt_cv_prog_compiler_c_o_CXX=yes
lt_cv_prog_compiler_pic='-fno-common -DPIC'
lt_cv_prog_compiler_pic_CXX='-fno-common -DPIC'
lt_cv_prog_compiler_pic_works=yes
lt_cv_prog_compiler_pic_works_CXX=yes
lt_cv_prog_compiler_rtti_exceptions=yes
lt_cv_prog_compiler_static_works=no
lt_cv_prog_compiler_static_works_CXX=no
lt_cv_prog_gnu_ld=no
lt_cv_prog_gnu_ldcxx=no
lt_cv_sharedlib_from_linklib_cmd='printf %s\n'
lt_cv_sys_global_symbol_pipe='sed -n -e '\''s/^.*[	 ]\([BCDEGRST][BCDEGRST]*\)[	 ][	 ]*_\([_A-Za-z][_A-Za-z0-9]*\)$/\1 _\2 \2/p'\'' | sed '\''/ __gnu_lto/d'\'''
lt_cv_sys_global_symbol_to_c_name_address='sed -n -e '\''s/^: \(.*\) .*$/  {"\1", (void *) 0},/p'\'' -e '\''s/^[BCDEGRST][BCDEGRST]* .* \(.*\)$/  {"\1", (void *) \&\1},/p'\'''
lt_cv_sys_global_symbol_to_c_name_address_lib_prefix='sed -n -e '\''s/^: \(.*\) .*$/  {"\1", (void *) 0},/p'\'' -e '\''s/^[BCDEGRST][BCDEGRST]* .* \(lib.*\)$/  {"\1", (void *) \&\1},/p'\'' -e '\''s/^[BCDEGRST][BCDEGRST]* .* \(.*\)$/  {"lib\1", (void *) \&\1},/p'\'''
lt_cv_sys_global_symbol_to_cdecl='sed -n -e '\''s/^T .* \(.*\)$/extern int \1();/p'\'' -e '\''s/^[BCDEGRST][BCDEGRST]* .* \(.*\)$/extern char \1;/p'\'''
lt_cv_sys_global_symbol_to_import=
lt_cv_sys_max_cmd_len=196608
lt_cv_to_host_file_cmd=func_convert_file_noop
lt_cv_to_tool_file_cmd=func_convert_file_noop
lt_cv_truncate_bin='/bin/dd bs=4096 count=1'
pkg_cv_LIBOSMSCOUT_CFLAGS='-D_THREAD_SAFE -pthread -mmmx -msse -msse2 -msse3 -mssse3 -msse4.1 -msse4.2 -mavx -I/Users/mac/Desktop/libosmscout/libosmscout/./include -I/usr/local/Cellar/libmarisa/0.2.4_1/include'
pkg_cv_LIBOSMSCOUT_LIBS='-L/Users/mac/Desktop/libosmscout/libosmscout/src/.libs -L/usr/local/Cellar/libmarisa/0.2.4_1/lib -losmscout -D_THREAD_SAFE -pthread -lmarisa'

## ----------------- ##
## Output variables. ##
## ----------------- ##

ACLOCAL='${SHELL} /Users/mac/Desktop/libosmscout/libosmscout-map/missing aclocal-1.15'
AMDEPBACKSLASH='\'
AMDEP_FALSE='#'
AMDEP_TRUE=''
AMTAR='$${TAR-tar}'
AM_BACKSLASH='\'
AM_DEFAULT_V='$(AM_DEFAULT_VERBOSITY)'
AM_DEFAULT_VERBOSITY='0'
AM_V='$(V)'
AR='ar'
AS='as'
AUTOCONF='${SHELL} /Users/mac/Desktop/libosmscout/libosmscout-map/missing autoconf'
AUTOHEADER='${SHELL} /Users/mac/Desktop/libosmscout/libosmscout-map/missing autoheader'
AUTOMAKE='${SHELL} /Users/mac/Desktop/libosmscout/libosmscout-map/missing automake-1.15'
AWK='awk'
CC='gcc'
CCDEPMODE='depmode=gcc3'
CFLAGS='-g -O2'
CFLAG_VISIBILITY='-fvisibility=hidden'
CPP='gcc -E'
CPPFLAGS='-DLIB_DATADIR=\"${datarootdir}/libosmscout-map\" '
CXX='g++'
CXXCPP='g++ -E'
CXXDEPMODE='depmode=gcc3'
CXXFLAGS='-g -O2 -std=gnu++11 -Wall -Wextra -Wpointer-arith -Wundef -Wcast-qual -Wcast-align -Wredundant-decls -Wno-long-long -Wunused-variable'
CYGPATH_W='echo'
DEFS='-DHAVE_CONFIG_H'
DEPDIR='.deps'
DLLTOOL='false'
DSYMUTIL='dsymutil'
DUMPBIN=''
ECHO_C='\c'
ECHO_N=''
ECHO_T=''
EGREP='/usr/bin/grep -E'
EXEEXT=''
FGREP='/usr/bin/grep -F'
GREP='/usr/bin/grep'
HAVE_CXX11=''
HAVE_VISIBILITY='1'
INSTALL_DATA='${INSTALL} -m 644'
INSTALL_PROGRAM='${INSTALL}'
INSTALL_SCRIPT='${INSTALL}'
INSTALL_STRIP_PROGRAM='$(install_sh) -c -s'
LD='/Applications/Xcode.app/Contents/Developer/Toolchains/XcodeDefault.xctoolchain/usr/bin/ld'
LDFLAGS=''
LIBOBJS=''
LIBOSMSCOUT_CFLAGS='-D_THREAD_SAFE -pthread -mmmx -msse -msse2 -msse3 -mssse3 -msse4.1 -msse4.2 -mavx -I/Users/mac/Desktop/libosmscout/libosmscout/./include -I/usr/local/Cellar/libmarisa/0.2.4_1/include'
LIBOSMSCOUT_LIBS='-L/Users/mac/Desktop/libosmscout/libosmscout/src/.libs -L/usr/local/Cellar/libmarisa/0.2.4_1/lib -losmscout -D_THREAD_SAFE -pthread -lmarisa'
LIBS=''
LIBTOOL='$(SHELL) $(top_builddir)/libtool'
LIPO='lipo'
LN_S='ln -s'
LTLIBOBJS=''
LT_SYS_LIBRARY_PATH=''
MAKEINFO='${SHELL} /Users/mac/Desktop/libosmscout/libosmscout-map/missing makeinfo'
MANIFEST_TOOL=':'
MKDIR_P='./install-sh -c -d'
NM='/usr/bin/nm -B'
NMEDIT='nmedit'
OBJDUMP='false'
OBJEXT='o'
OTOOL64=':'
OTOOL='otool'
PACKAGE='libosmscout-map'
PACKAGE_BUGREPORT='tim@teulings.org'
PACKAGE_NAME='libosmscout-map'
PACKAGE_STRING='libosmscout-map 0.1'
PACKAGE_TARNAME='libosmscout-map'
PACKAGE_URL=''
PACKAGE_VERSION='0.1'
PATH_SEPARATOR=':'
PKG_CONFIG='/usr/local/bin/pkg-config'
PKG_CONFIG_LIBDIR=''
PKG_CONFIG_PATH=':/Users/mac/libosmscout-code/libosmscout:/Users/mac/libosmscout-code/libosmscout-import:/Users/mac/Desktop/libosmscout:/Users/mac/Desktop/libosmscout/libosmscout'
RANLIB='ranlib'
SED='/usr/bin/sed'
SET_MAKE=''
SHELL='/bin/sh'
STRIP='strip'
VERSION='0.1'
ac_ct_AR='ar'
ac_ct_CC='gcc'
ac_ct_CXX='g++'
ac_ct_DUMPBIN=''
am__EXEEXT_FALSE=''
am__EXEEXT_TRUE='#'
am__fastdepCC_FALSE='#'
am__fastdepCC_TRUE=''
am__fastdepCXX_FALSE='#'
am__fastdepCXX_TRUE=''
am__include='include'
am__isrc=''
am__leading_dot='.'
am__nodep='_no'
am__quote=''
am__tar='$${TAR-tar} chof - "$$tardir"'
am__untar='$${TAR-tar} xf -'
bindir='${exec_prefix}/bin'
build='x86_64-apple-darwin15.0.0'
build_alias=''
build_cpu='x86_64'
build_os='darwin15.0.0'
build_vendor='apple'
datadir='${datarootdir}'
datarootdir='${prefix}/share'
docdir='${datarootdir}/doc/${PACKAGE_TARNAME}'
dvidir='${docdir}'
exec_prefix='${prefix}'
host='x86_64-apple-darwin15.0.0'
host_alias=''
host_cpu='x86_64'
host_os='darwin15.0.0'
host_vendor='apple'
htmldir='${docdir}'
includedir='${prefix}/include'
infodir='${datarootdir}/info'
install_sh='${SHELL} /Users/mac/Desktop/libosmscout/libosmscout-map/install-sh'
libdir='${exec_prefix}/lib'
libexecdir='${exec_prefix}/libexec'
localedir='${datarootdir}/locale'
localstatedir='${prefix}/var'
mandir='${datarootdir}/man'
mkdir_p='$(MKDIR_P)'
oldincludedir='/usr/include'
pdfdir='${docdir}'
pkgconfig_libdir='${libdir}/pkgconfig'
pkgconfig_libfile='libosmscout-map.pc'
prefix='/usr/local'
program_transform_name='s,x,x,'
psdir='${docdir}'
sbindir='${exec_prefix}/sbin'
sharedstatedir='${prefix}/com'
sysconfdir='${prefix}/etc'
target_alias=''

## ----------- ##
## confdefs.h. ##
## ----------- ##

/* confdefs.h */
#define PACKAGE_NAME "libosmscout-map"
#define PACKAGE_TARNAME "libosmscout-map"
#define PACKAGE_VERSION "0.1"
#define PACKAGE_STRING "libosmscout-map 0.1"
#define PACKAGE_BUGREPORT "tim@teulings.org"
#define PACKAGE_URL ""
#define STDC_HEADERS 1
#define HAVE_SYS_TYPES_H 1
#define HAVE_SYS_STAT_H 1
#define HAVE_STDLIB_H 1
#define HAVE_STRING_H 1
#define HAVE_MEMORY_H 1
#define HAVE_STRINGS_H 1
#define HAVE_INTTYPES_H 1
#define HAVE_STDINT_H 1
#define HAVE_UNISTD_H 1
#define HAVE_DLFCN_H 1
#define LT_OBJDIR ".libs/"
#define HAVE_VISIBILITY 1
#define OSMSCOUT_MAP_EXPORT_SYMBOLS 1

configure: exit 0
